This is pdfTeX, Version 3.14159265-2.6-1.40.16 (TeX Live 2015) (preloaded format=pdflatex 2015.5.24)  29 MAR 2016 13:54
entering extended mode
 restricted \write18 enabled.
 file:line:error style messages enabled.
 %&-line parsing enabled.
**BurasResults.tex
(./BurasResults.tex
LaTeX2e <2015/01/01>
Babel <3.9l> and hyphenation patterns for 79 languages loaded.
(/usr/local/texlive/2015/texmf-dist/tex/latex/base/article.cls
Document Class: article 2014/09/29 v1.4h Standard LaTeX document class
(/usr/local/texlive/2015/texmf-dist/tex/latex/base/size10.clo
File: size10.clo 2014/09/29 v1.4h Standard LaTeX file (size option)
)
\c@part=\count79
\c@section=\count80
\c@subsection=\count81
\c@subsubsection=\count82
\c@paragraph=\count83
\c@subparagraph=\count84
\c@figure=\count85
\c@table=\count86
\abovecaptionskip=\skip41
\belowcaptionskip=\skip42
\bibindent=\dimen102
)
(/usr/local/texlive/2015/texmf-dist/tex/latex/graphics/graphicx.sty
Package: graphicx 2014/10/28 v1.0g Enhanced LaTeX Graphics (DPC,SPQR)

(/usr/local/texlive/2015/texmf-dist/tex/latex/graphics/keyval.sty
Package: keyval 2014/10/28 v1.15 key=value parser (DPC)
\KV@toks@=\toks14
)
(/usr/local/texlive/2015/texmf-dist/tex/latex/graphics/graphics.sty
Package: graphics 2014/10/28 v1.0p Standard LaTeX Graphics (DPC,SPQR)

(/usr/local/texlive/2015/texmf-dist/tex/latex/graphics/trig.sty
Package: trig 1999/03/16 v1.09 sin cos tan (DPC)
)
(/usr/local/texlive/2015/texmf-dist/tex/latex/latexconfig/graphics.cfg
File: graphics.cfg 2010/04/23 v1.9 graphics configuration of TeX Live
)
Package graphics Info: Driver file: pdftex.def on input line 94.

(/usr/local/texlive/2015/texmf-dist/tex/latex/pdftex-def/pdftex.def
File: pdftex.def 2011/05/27 v0.06d Graphics/color for pdfTeX

(/usr/local/texlive/2015/texmf-dist/tex/generic/oberdiek/infwarerr.sty
Package: infwarerr 2010/04/08 v1.3 Providing info/warning/error messages (HO)
)
(/usr/local/texlive/2015/texmf-dist/tex/generic/oberdiek/ltxcmds.sty
Package: ltxcmds 2011/11/09 v1.22 LaTeX kernel commands for general use (HO)
)
\Gread@gobject=\count87
))
\Gin@req@height=\dimen103
\Gin@req@width=\dimen104
)
(/usr/local/texlive/2015/texmf-dist/tex/latex/hyperref/hyperref.sty
Package: hyperref 2012/11/06 v6.83m Hypertext links for LaTeX

(/usr/local/texlive/2015/texmf-dist/tex/generic/oberdiek/hobsub-hyperref.sty
Package: hobsub-hyperref 2012/05/28 v1.13 Bundle oberdiek, subset hyperref (HO)


(/usr/local/texlive/2015/texmf-dist/tex/generic/oberdiek/hobsub-generic.sty
Package: hobsub-generic 2012/05/28 v1.13 Bundle oberdiek, subset generic (HO)
Package: hobsub 2012/05/28 v1.13 Construct package bundles (HO)
Package hobsub Info: Skipping package `infwarerr' (already loaded).
Package hobsub Info: Skipping package `ltxcmds' (already loaded).
Package: ifluatex 2010/03/01 v1.3 Provides the ifluatex switch (HO)
Package ifluatex Info: LuaTeX not detected.
Package: ifvtex 2010/03/01 v1.5 Detect VTeX and its facilities (HO)
Package ifvtex Info: VTeX not detected.
Package: intcalc 2007/09/27 v1.1 Expandable calculations with integers (HO)
Package: ifpdf 2011/01/30 v2.3 Provides the ifpdf switch (HO)
Package ifpdf Info: pdfTeX in PDF mode is detected.
Package: etexcmds 2011/02/16 v1.5 Avoid name clashes with e-TeX commands (HO)
Package etexcmds Info: Could not find \expanded.
(etexcmds)             That can mean that you are not using pdfTeX 1.50 or
(etexcmds)             that some package has redefined \expanded.
(etexcmds)             In the latter case, load this package earlier.
Package: kvsetkeys 2012/04/25 v1.16 Key value parser (HO)
Package: kvdefinekeys 2011/04/07 v1.3 Define keys (HO)
Package: pdftexcmds 2011/11/29 v0.20 Utility functions of pdfTeX for LuaTeX (HO
)
Package pdftexcmds Info: LuaTeX not detected.
Package pdftexcmds Info: \pdf@primitive is available.
Package pdftexcmds Info: \pdf@ifprimitive is available.
Package pdftexcmds Info: \pdfdraftmode found.
Package: pdfescape 2011/11/25 v1.13 Implements pdfTeX's escape features (HO)
Package: bigintcalc 2012/04/08 v1.3 Expandable calculations on big integers (HO
)
Package: bitset 2011/01/30 v1.1 Handle bit-vector datatype (HO)
Package: uniquecounter 2011/01/30 v1.2 Provide unlimited unique counter (HO)
)
Package hobsub Info: Skipping package `hobsub' (already loaded).
Package: letltxmacro 2010/09/02 v1.4 Let assignment for LaTeX macros (HO)
Package: hopatch 2012/05/28 v1.2 Wrapper for package hooks (HO)
Package: xcolor-patch 2011/01/30 xcolor patch
Package: atveryend 2011/06/30 v1.8 Hooks at the very end of document (HO)
Package atveryend Info: \enddocument detected (standard20110627).
Package: atbegshi 2011/10/05 v1.16 At begin shipout hook (HO)
Package: refcount 2011/10/16 v3.4 Data extraction from label references (HO)
Package: hycolor 2011/01/30 v1.7 Color options for hyperref/bookmark (HO)
)
(/usr/local/texlive/2015/texmf-dist/tex/generic/ifxetex/ifxetex.sty
Package: ifxetex 2010/09/12 v0.6 Provides ifxetex conditional
)
(/usr/local/texlive/2015/texmf-dist/tex/latex/oberdiek/auxhook.sty
Package: auxhook 2011/03/04 v1.3 Hooks for auxiliary files (HO)
)
(/usr/local/texlive/2015/texmf-dist/tex/latex/oberdiek/kvoptions.sty
Package: kvoptions 2011/06/30 v3.11 Key value format for package options (HO)
)
\@linkdim=\dimen105
\Hy@linkcounter=\count88
\Hy@pagecounter=\count89

(/usr/local/texlive/2015/texmf-dist/tex/latex/hyperref/pd1enc.def
File: pd1enc.def 2012/11/06 v6.83m Hyperref: PDFDocEncoding definition (HO)
)
\Hy@SavedSpaceFactor=\count90

(/usr/local/texlive/2015/texmf-dist/tex/latex/latexconfig/hyperref.cfg
File: hyperref.cfg 2002/06/06 v1.2 hyperref configuration of TeXLive
)
Package hyperref Info: Hyper figures OFF on input line 4443.
Package hyperref Info: Link nesting OFF on input line 4448.
Package hyperref Info: Hyper index ON on input line 4451.
Package hyperref Info: Plain pages OFF on input line 4458.
Package hyperref Info: Backreferencing OFF on input line 4463.
Package hyperref Info: Implicit mode ON; LaTeX internals redefined.
Package hyperref Info: Bookmarks ON on input line 4688.
\c@Hy@tempcnt=\count91

(/usr/local/texlive/2015/texmf-dist/tex/latex/url/url.sty
\Urlmuskip=\muskip10
Package: url 2013/09/16  ver 3.4  Verb mode for urls, etc.
)
LaTeX Info: Redefining \url on input line 5041.
\XeTeXLinkMargin=\dimen106
\Fld@menulength=\count92
\Field@Width=\dimen107
\Fld@charsize=\dimen108
Package hyperref Info: Hyper figures OFF on input line 6295.
Package hyperref Info: Link nesting OFF on input line 6300.
Package hyperref Info: Hyper index ON on input line 6303.
Package hyperref Info: backreferencing OFF on input line 6310.
Package hyperref Info: Link coloring OFF on input line 6315.
Package hyperref Info: Link coloring with OCG OFF on input line 6320.
Package hyperref Info: PDF/A mode OFF on input line 6325.
LaTeX Info: Redefining \ref on input line 6365.
LaTeX Info: Redefining \pageref on input line 6369.
\Hy@abspage=\count93
\c@Item=\count94
\c@Hfootnote=\count95
)

Package hyperref Message: Driver (autodetected): hpdftex.

(/usr/local/texlive/2015/texmf-dist/tex/latex/hyperref/hpdftex.def
File: hpdftex.def 2012/11/06 v6.83m Hyperref driver for pdfTeX
\Fld@listcount=\count96
\c@bookmark@seq@number=\count97

(/usr/local/texlive/2015/texmf-dist/tex/latex/oberdiek/rerunfilecheck.sty
Package: rerunfilecheck 2011/04/15 v1.7 Rerun checks for auxiliary files (HO)
Package uniquecounter Info: New unique counter `rerunfilecheck' on input line 2
82.
)
\Hy@SectionHShift=\skip43
)
(/usr/local/texlive/2015/texmf-dist/tex/latex/listings/listings.sty
\lst@mode=\count98
\lst@gtempboxa=\box26
\lst@token=\toks15
\lst@length=\count99
\lst@currlwidth=\dimen109
\lst@column=\count100
\lst@pos=\count101
\lst@lostspace=\dimen110
\lst@width=\dimen111
\lst@newlines=\count102
\lst@lineno=\count103
\lst@maxwidth=\dimen112

(/usr/local/texlive/2015/texmf-dist/tex/latex/listings/lstmisc.sty
File: lstmisc.sty 2014/09/06 1.5e (Carsten Heinz)
\c@lstnumber=\count104
\lst@skipnumbers=\count105
\lst@framebox=\box27
)
(/usr/local/texlive/2015/texmf-dist/tex/latex/listings/listings.cfg
File: listings.cfg 2014/09/06 1.5e listings configuration
))
Package: listings 2014/09/06 1.5e (Carsten Heinz)

(/usr/local/texlive/2015/texmf-dist/tex/latex/graphics/color.sty
Package: color 2014/10/28 v1.1a Standard LaTeX Color (DPC)

(/usr/local/texlive/2015/texmf-dist/tex/latex/latexconfig/color.cfg
File: color.cfg 2007/01/18 v1.5 color configuration of teTeX/TeXLive
)
Package color Info: Driver file: pdftex.def on input line 142.
)
(/usr/local/texlive/2015/texmf-dist/tex/latex/tools/verbatim.sty
Package: verbatim 2014/10/28 v1.5q LaTeX2e package for verbatim enhancements
\every@verbatim=\toks16
\verbatim@line=\toks17
\verbatim@in@stream=\read1
)
(/usr/local/texlive/2015/texmf-dist/tex/latex/amsmath/amsmath.sty
Package: amsmath 2013/01/14 v2.14 AMS math features
\@mathmargin=\skip44

For additional information on amsmath, use the `?' option.
(/usr/local/texlive/2015/texmf-dist/tex/latex/amsmath/amstext.sty
Package: amstext 2000/06/29 v2.01

(/usr/local/texlive/2015/texmf-dist/tex/latex/amsmath/amsgen.sty
File: amsgen.sty 1999/11/30 v2.0
\@emptytoks=\toks18
\ex@=\dimen113
))
(/usr/local/texlive/2015/texmf-dist/tex/latex/amsmath/amsbsy.sty
Package: amsbsy 1999/11/29 v1.2d
\pmbraise@=\dimen114
)
(/usr/local/texlive/2015/texmf-dist/tex/latex/amsmath/amsopn.sty
Package: amsopn 1999/12/14 v2.01 operator names
)
\inf@bad=\count106
LaTeX Info: Redefining \frac on input line 210.
\uproot@=\count107
\leftroot@=\count108
LaTeX Info: Redefining \overline on input line 306.
\classnum@=\count109
\DOTSCASE@=\count110
LaTeX Info: Redefining \ldots on input line 378.
LaTeX Info: Redefining \dots on input line 381.
LaTeX Info: Redefining \cdots on input line 466.
\Mathstrutbox@=\box28
\strutbox@=\box29
\big@size=\dimen115
LaTeX Font Info:    Redeclaring font encoding OML on input line 566.
LaTeX Font Info:    Redeclaring font encoding OMS on input line 567.
\macc@depth=\count111
\c@MaxMatrixCols=\count112
\dotsspace@=\muskip11
\c@parentequation=\count113
\dspbrk@lvl=\count114
\tag@help=\toks19
\row@=\count115
\column@=\count116
\maxfields@=\count117
\andhelp@=\toks20
\eqnshift@=\dimen116
\alignsep@=\dimen117
\tagshift@=\dimen118
\tagwidth@=\dimen119
\totwidth@=\dimen120
\lineht@=\dimen121
\@envbody=\toks21
\multlinegap=\skip45
\multlinetaggap=\skip46
\mathdisplay@stack=\toks22
LaTeX Info: Redefining \[ on input line 2665.
LaTeX Info: Redefining \] on input line 2666.
)
(/usr/local/texlive/2015/texmf-dist/tex/latex/caption/caption.sty
Package: caption 2013/05/02 v3.3-89 Customizing captions (AR)

(/usr/local/texlive/2015/texmf-dist/tex/latex/caption/caption3.sty
Package: caption3 2013/05/02 v1.6-88 caption3 kernel (AR)
Package caption3 Info: TeX engine: e-TeX on input line 57.
\captionmargin=\dimen122
\captionmargin@=\dimen123
\captionwidth=\dimen124
\caption@tempdima=\dimen125
\caption@indent=\dimen126
\caption@parindent=\dimen127
\caption@hangindent=\dimen128
)
\c@ContinuedFloat=\count118
Package caption Info: hyperref package is loaded.
Package caption Info: listings package is loaded.
)
(/usr/local/texlive/2015/texmf-dist/tex/latex/caption/subcaption.sty
Package: subcaption 2013/02/03 v1.1-62 Sub-captions (AR)
\c@subfigure=\count119
\c@subtable=\count120
)
(/usr/local/texlive/2015/texmf-dist/tex/latex/placeins/placeins.sty
Package: placeins 2005/04/18  v 2.2
)
(/usr/local/texlive/2015/texmf-dist/tex/latex/setspace/setspace.sty
Package: setspace 2011/12/19 v6.7a set line spacing
)
(./BurasResults.aux)
\openout1 = `BurasResults.aux'.

LaTeX Font Info:    Checking defaults for OML/cmm/m/it on input line 17.
LaTeX Font Info:    ... okay on input line 17.
LaTeX Font Info:    Checking defaults for T1/cmr/m/n on input line 17.
LaTeX Font Info:    ... okay on input line 17.
LaTeX Font Info:    Checking defaults for OT1/cmr/m/n on input line 17.
LaTeX Font Info:    ... okay on input line 17.
LaTeX Font Info:    Checking defaults for OMS/cmsy/m/n on input line 17.
LaTeX Font Info:    ... okay on input line 17.
LaTeX Font Info:    Checking defaults for OMX/cmex/m/n on input line 17.
LaTeX Font Info:    ... okay on input line 17.
LaTeX Font Info:    Checking defaults for U/cmr/m/n on input line 17.
LaTeX Font Info:    ... okay on input line 17.
LaTeX Font Info:    Checking defaults for PD1/pdf/m/n on input line 17.
LaTeX Font Info:    ... okay on input line 17.

(/usr/local/texlive/2015/texmf-dist/tex/context/base/supp-pdf.mkii
[Loading MPS to PDF converter (version 2006.09.02).]
\scratchcounter=\count121
\scratchdimen=\dimen129
\scratchbox=\box30
\nofMPsegments=\count122
\nofMParguments=\count123
\everyMPshowfont=\toks23
\MPscratchCnt=\count124
\MPscratchDim=\dimen130
\MPnumerator=\count125
\makeMPintoPDFobject=\count126
\everyMPtoPDFconversion=\toks24
) (/usr/local/texlive/2015/texmf-dist/tex/latex/oberdiek/epstopdf-base.sty
Package: epstopdf-base 2010/02/09 v2.5 Base part for package epstopdf

(/usr/local/texlive/2015/texmf-dist/tex/latex/oberdiek/grfext.sty
Package: grfext 2010/08/19 v1.1 Manage graphics extensions (HO)
)
Package grfext Info: Graphics extension search list:
(grfext)             [.png,.pdf,.jpg,.mps,.jpeg,.jbig2,.jb2,.PNG,.PDF,.JPG,.JPE
G,.JBIG2,.JB2,.eps]
(grfext)             \AppendGraphicsExtensions on input line 452.

(/usr/local/texlive/2015/texmf-dist/tex/latex/latexconfig/epstopdf-sys.cfg
File: epstopdf-sys.cfg 2010/07/13 v1.3 Configuration of (r)epstopdf for TeX Liv
e
))
\AtBeginShipoutBox=\box31
Package hyperref Info: Link coloring OFF on input line 17.

(/usr/local/texlive/2015/texmf-dist/tex/latex/hyperref/nameref.sty
Package: nameref 2012/10/27 v2.43 Cross-referencing by name of section

(/usr/local/texlive/2015/texmf-dist/tex/generic/oberdiek/gettitlestring.sty
Package: gettitlestring 2010/12/03 v1.4 Cleanup title references (HO)
)
\c@section@level=\count127
)
LaTeX Info: Redefining \ref on input line 17.
LaTeX Info: Redefining \pageref on input line 17.
LaTeX Info: Redefining \nameref on input line 17.

(./BurasResults.out) (./BurasResults.out)
\@outlinefile=\write3
\openout3 = `BurasResults.out'.

\c@lstlisting=\count128
Package caption Info: Begin \AtBeginDocument code.
Package caption Info: End \AtBeginDocument code.


LaTeX Warning: Citation `Watts:1998' on page 1 undefined on input line 21.


LaTeX Warning: Citation `Chung:2004' on page 1 undefined on input line 21.


LaTeX Warning: Citation `White:1986' on page 1 undefined on input line 23.


LaTeX Warning: Citation `Watts:1998' on page 1 undefined on input line 23.


LaTeX Warning: Citation `Gleich:2015' on page 1 undefined on input line 23.

<neural_degree_histogram.png, id=48, 433.62pt x 289.08pt>
File: neural_degree_histogram.png Graphic file (type png)

<use neural_degree_histogram.png>
Package pdftex.def Info: neural_degree_histogram.png used on input line 28.
(pdftex.def)             Requested size: 345.0pt x 230.01158pt.
 <neuralspy.png, id=50, 433.62pt x 289.08pt>
File: neuralspy.png Graphic file (type png)

<use neuralspy.png>
Package pdftex.def Info: neuralspy.png used on input line 35.
(pdftex.def)             Requested size: 345.0pt x 230.01158pt.
 <neuralsing.png, id=51, 433.62pt x 289.08pt>
File: neuralsing.png Graphic file (type png)

<use neuralsing.png>
Package pdftex.def Info: neuralsing.png used on input line 40.
(pdftex.def)             Requested size: 345.0pt x 230.01158pt.


LaTeX Warning: Citation `Duch:2005' on page 1 undefined on input line 43.

<meta_degree_histogram.png, id=52, 433.62pt x 289.08pt>
File: meta_degree_histogram.png Graphic file (type png)

<use meta_degree_histogram.png>
Package pdftex.def Info: meta_degree_histogram.png used on input line 48.
(pdftex.def)             Requested size: 345.0pt x 230.01158pt.
 <metaspy.png, id=53, 433.62pt x 289.08pt>
File: metaspy.png Graphic file (type png)

<use metaspy.png>
Package pdftex.def Info: metaspy.png used on input line 54.
(pdftex.def)             Requested size: 345.0pt x 230.01158pt.
 <metasing.png, id=54, 433.62pt x 289.08pt>
File: metasing.png Graphic file (type png)

<use metasing.png>
Package pdftex.def Info: metasing.png used on input line 59.
(pdftex.def)             Requested size: 345.0pt x 230.01158pt.


LaTeX Warning: Citation `Simonis:2009' on page 1 undefined on input line 63.


LaTeX Warning: Citation `Gleich:2015' on page 1 undefined on input line 63.

[1

{/usr/local/texlive/2015/texmf-var/fonts/map/pdftex/updmap/pdftex.map}]
[2 <./neural_degree_histogram.png> <./neuralspy.png>] [3 <./neuralsing.png> <./
meta_degree_histogram.png>] [4 <./metaspy.png> <./metasing.png>]
<gene_degree_histogram.png, id=91, 433.62pt x 289.08pt>
File: gene_degree_histogram.png Graphic file (type png)

<use gene_degree_histogram.png>
Package pdftex.def Info: gene_degree_histogram.png used on input line 68.
(pdftex.def)             Requested size: 345.0pt x 230.01158pt.
 <genespy.png, id=92, 433.62pt x 289.08pt>
File: genespy.png Graphic file (type png)

<use genespy.png>
Package pdftex.def Info: genespy.png used on input line 75.
(pdftex.def)             Requested size: 345.0pt x 230.01158pt.
 <proteinsing.png, id=93, 433.62pt x 289.08pt>
File: proteinsing.png Graphic file (type png)

<use proteinsing.png>
Package pdftex.def Info: proteinsing.png used on input line 80.
(pdftex.def)             Requested size: 345.0pt x 230.01158pt.


LaTeX Warning: Citation `Rual:2005' on page 5 undefined on input line 83.


LaTeX Warning: Citation `Rolland:2014' on page 5 undefined on input line 83.


LaTeX Warning: Citation `Toga:2012' on page 5 undefined on input line 83.


LaTeX Warning: Citation `Mcauley:2012' on page 5 undefined on input line 86.


LaTeX Warning: Citation `Gleich:2015' on page 5 undefined on input line 86.

[5 <./gene_degree_histogram.png>] [6 <./genespy.png> <./proteinsing.png>]
<fb_degree_histogram.png, id=108, 433.62pt x 289.08pt>
File: fb_degree_histogram.png Graphic file (type png)

<use fb_degree_histogram.png>
Package pdftex.def Info: fb_degree_histogram.png used on input line 91.
(pdftex.def)             Requested size: 345.0pt x 230.01158pt.
 <fbspy.png, id=109, 433.62pt x 289.08pt>
File: fbspy.png Graphic file (type png)

<use fbspy.png>
Package pdftex.def Info: fbspy.png used on input line 98.
(pdftex.def)             Requested size: 345.0pt x 230.01158pt.
 <fbsing.png, id=110, 433.62pt x 289.08pt>
File: fbsing.png Graphic file (type png)
 <use fbsing.png>
Package pdftex.def Info: fbsing.png used on input line 103.
(pdftex.def)             Requested size: 345.0pt x 230.01158pt.


LaTeX Warning: Citation `Watts:1998' on page 7 undefined on input line 107.


LaTeX Warning: Citation `Pagani:2013' on page 7 undefined on input line 107.

[7 <./fb_degree_histogram.png>] [8 <./fbspy.png> <./fbsing.png>]
<power_degree_histogram.png, id=126, 433.62pt x 289.08pt>
File: power_degree_histogram.png Graphic file (type png)

<use power_degree_histogram.png>
Package pdftex.def Info: power_degree_histogram.png used on input line 112.
(pdftex.def)             Requested size: 345.0pt x 230.01158pt.
 <powerspy.png, id=127, 433.62pt x 289.08pt>
File: powerspy.png Graphic file (type png)

<use powerspy.png>
Package pdftex.def Info: powerspy.png used on input line 119.
(pdftex.def)             Requested size: 345.0pt x 230.01158pt.
 <powersing.png, id=128, 433.62pt x 289.08pt>
File: powersing.png Graphic file (type png)

<use powersing.png>
Package pdftex.def Info: powersing.png used on input line 125.
(pdftex.def)             Requested size: 345.0pt x 230.01158pt.
 [9 <./power_degree_histogram.png>] [10 <./powerspy.png> <./powersing.png>] <ne
uralsequenceplot2.png, id=143, 433.62pt x 289.08pt>
File: neuralsequenceplot2.png Graphic file (type png)

<use neuralsequenceplot2.png>
Package pdftex.def Info: neuralsequenceplot2.png used on input line 152.
(pdftex.def)             Requested size: 345.0pt x 230.01158pt.

<neuralsequenceplot.png, id=144, 433.62pt x 289.08pt>
File: neuralsequenceplot.png Graphic file (type png)

<use neuralsequenceplot.png>
Package pdftex.def Info: neuralsequenceplot.png used on input line 158.
(pdftex.def)             Requested size: 345.0pt x 230.01158pt.
 [11] [12 <./neuralsequenceplot2.png> <./neuralsequenceplot.png>] <ptimes.png, 
id=159, 433.62pt x 289.08pt>
File: ptimes.png Graphic file (type png)
 <use ptimes.png>
Package pdftex.def Info: ptimes.png used on input line 183.
(pdftex.def)             Requested size: 345.0pt x 230.01158pt.

[13 <./ptimes.png>]
Underfull \hbox (badness 10000) in paragraph at lines 190--191

 []

<operationtimes.png, id=167, 433.62pt x 289.08pt>
File: operationtimes.png Graphic file (type png)
 <use operationtimes.png>
Package pdftex.def Info: operationtimes.png used on input line 215.
(pdftex.def)             Requested size: 345.0pt x 230.01158pt.

<stimes.png, id=168, 433.62pt x 289.08pt>
File: stimes.png Graphic file (type png)
 <use stimes.png>
Package pdftex.def Info: stimes.png used on input line 221.
(pdftex.def)             Requested size: 345.0pt x 230.01158pt.


LaTeX Warning: Citation `Berry:2006' on page 14 undefined on input line 227.


LaTeX Warning: Citation `Halko:2011' on page 14 undefined on input line 227.

[14] [15 <./operationtimes.png> <./stimes.png>]
<total.png, id=182, 433.62pt x 289.08pt>
File: total.png Graphic file (type png)
 <use total.png>
Package pdftex.def Info: total.png used on input line 233.
(pdftex.def)             Requested size: 345.0pt x 230.01158pt.
Package atveryend Info: Empty hook `BeforeClearDocument' on input line 240.
 [16] [17 <./total.png>]
Package atveryend Info: Empty hook `AfterLastShipout' on input line 240.
 (./BurasResults.aux)
Package atveryend Info: Executing hook `AtVeryEndDocument' on input line 240.
Package atveryend Info: Executing hook `AtEndAfterFileList' on input line 240.
Package rerunfilecheck Info: File `BurasResults.out' has not changed.
(rerunfilecheck)             Checksum: 11CD1F8AC584A9C70C929D54C14CBFFA;797.


LaTeX Warning: There were undefined references.

Package atveryend Info: Empty hook `AtVeryVeryEnd' on input line 240.
 ) 
Here is how much of TeX's memory you used:
 8134 strings out of 493089
 123787 string characters out of 6134842
 217769 words of memory out of 5000000
 11488 multiletter control sequences out of 15000+600000
 6317 words of font info for 23 fonts, out of 8000000 for 9000
 1141 hyphenation exceptions out of 8191
 36i,8n,38p,841b,432s stack positions out of 5000i,500n,10000p,200000b,80000s
</usr/local/texlive/2015/texmf-dist/fonts/type1/public/amsfonts/cm/cmbx10.pfb
></usr/local/texlive/2015/texmf-dist/fonts/type1/public/amsfonts/cm/cmbx12.pfb>
</usr/local/texlive/2015/texmf-dist/fonts/type1/public/amsfonts/cm/cmbxti10.pfb
></usr/local/texlive/2015/texmf-dist/fonts/type1/public/amsfonts/cm/cmmi10.pfb>
</usr/local/texlive/2015/texmf-dist/fonts/type1/public/amsfonts/cm/cmmi7.pfb></
usr/local/texlive/2015/texmf-dist/fonts/type1/public/amsfonts/cm/cmr10.pfb></us
r/local/texlive/2015/texmf-dist/fonts/type1/public/amsfonts/cm/cmr7.pfb></usr/l
ocal/texlive/2015/texmf-dist/fonts/type1/public/amsfonts/cm/cmsy10.pfb></usr/lo
cal/texlive/2015/texmf-dist/fonts/type1/public/amsfonts/cm/cmsy7.pfb></usr/loca
l/texlive/2015/texmf-dist/fonts/type1/public/amsfonts/cm/cmti10.pfb>
Output written on BurasResults.pdf (17 pages, 393111 bytes).
PDF statistics:
 241 PDF objects out of 1000 (max. 8388607)
 168 compressed objects within 2 object streams
 50 named destinations out of 1000 (max. 500000)
 194 words of extra memory for PDF output out of 10000 (max. 10000000)

