This is pdfTeX, Version 3.14159265-2.6-1.40.16 (TeX Live 2015) (preloaded format=pdflatex 2015.5.24)  22 MAR 2016 15:28
entering extended mode
 restricted \write18 enabled.
 file:line:error style messages enabled.
 %&-line parsing enabled.
**BurasCompleteMasters.tex
(./BurasCompleteMasters.tex
LaTeX2e <2015/01/01>
Babel <3.9l> and hyphenation patterns for 79 languages loaded.
(/usr/local/texlive/2015/texmf-dist/tex/latex/base/article.cls
Document Class: article 2014/09/29 v1.4h Standard LaTeX document class
(/usr/local/texlive/2015/texmf-dist/tex/latex/base/size10.clo
File: size10.clo 2014/09/29 v1.4h Standard LaTeX file (size option)
)
\c@part=\count79
\c@section=\count80
\c@subsection=\count81
\c@subsubsection=\count82
\c@paragraph=\count83
\c@subparagraph=\count84
\c@figure=\count85
\c@table=\count86
\abovecaptionskip=\skip41
\belowcaptionskip=\skip42
\bibindent=\dimen102
)
(/usr/local/texlive/2015/texmf-dist/tex/latex/standalone/standalone.sty
Package: standalone 2012/09/15 v1.1b Package to include TeX sub-files with prea
mbles

(/usr/local/texlive/2015/texmf-dist/tex/generic/oberdiek/ifluatex.sty
Package: ifluatex 2010/03/01 v1.3 Provides the ifluatex switch (HO)
Package ifluatex Info: LuaTeX not detected.
)
(/usr/local/texlive/2015/texmf-dist/tex/generic/oberdiek/ifpdf.sty
Package: ifpdf 2011/01/30 v2.3 Provides the ifpdf switch (HO)
Package ifpdf Info: pdfTeX in PDF mode is detected.
)
(/usr/local/texlive/2015/texmf-dist/tex/generic/ifxetex/ifxetex.sty
Package: ifxetex 2010/09/12 v0.6 Provides ifxetex conditional
)
(/usr/local/texlive/2015/texmf-dist/tex/latex/xkeyval/xkeyval.sty
Package: xkeyval 2014/12/03 v2.7a package option processing (HA)

(/usr/local/texlive/2015/texmf-dist/tex/generic/xkeyval/xkeyval.tex
(/usr/local/texlive/2015/texmf-dist/tex/generic/xkeyval/xkvutils.tex
\XKV@toks=\toks14
\XKV@tempa@toks=\toks15

(/usr/local/texlive/2015/texmf-dist/tex/generic/xkeyval/keyval.tex))
\XKV@depth=\count87
File: xkeyval.tex 2014/12/03 v2.7a key=value parser (HA)
))
(/usr/local/texlive/2015/texmf-dist/tex/latex/currfile/currfile.sty
Package: currfile 2013/02/01 v0.7b Provides the file path elements of the curre
nt input file

(/usr/local/texlive/2015/texmf-dist/tex/latex/oberdiek/kvoptions.sty
Package: kvoptions 2011/06/30 v3.11 Key value format for package options (HO)

(/usr/local/texlive/2015/texmf-dist/tex/generic/oberdiek/ltxcmds.sty
Package: ltxcmds 2011/11/09 v1.22 LaTeX kernel commands for general use (HO)
)
(/usr/local/texlive/2015/texmf-dist/tex/generic/oberdiek/kvsetkeys.sty
Package: kvsetkeys 2012/04/25 v1.16 Key value parser (HO)

(/usr/local/texlive/2015/texmf-dist/tex/generic/oberdiek/infwarerr.sty
Package: infwarerr 2010/04/08 v1.3 Providing info/warning/error messages (HO)
)
(/usr/local/texlive/2015/texmf-dist/tex/generic/oberdiek/etexcmds.sty
Package: etexcmds 2011/02/16 v1.5 Avoid name clashes with e-TeX commands (HO)
Package etexcmds Info: Could not find \expanded.
(etexcmds)             That can mean that you are not using pdfTeX 1.50 or
(etexcmds)             that some package has redefined \expanded.
(etexcmds)             In the latter case, load this package earlier.
)))
(/usr/local/texlive/2015/texmf-dist/tex/latex/filehook/filehook.sty
Package: filehook 2011/10/12 v0.5d Hooks for input files
)
\c@currfiledepth=\count88
)
(/usr/local/texlive/2015/texmf-dist/tex/latex/gincltex/gincltex.sty
(/usr/local/texlive/2015/texmf-dist/tex/latex/svn-prov/svn-prov.sty
Package: svn-prov 2010/04/24 v3.1862 Package Date/Version from SVN Keywords
)
Package: gincltex 2011/09/04 v0.3 Include external LaTeX files like graphics

(/usr/local/texlive/2015/texmf-dist/tex/latex/adjustbox/adjustbox.sty
Package: adjustbox 2012/05/21 v1.0 Adjusting TeX boxes (trim, clip, ...)

(/usr/local/texlive/2015/texmf-dist/tex/latex/adjustbox/adjcalc.sty
Package: adjcalc 2012/05/16 v1.1 Provides advanced setlength with multiple back
-ends (calc, etex, pgfmath)
)
(/usr/local/texlive/2015/texmf-dist/tex/latex/adjustbox/trimclip.sty
Package: trimclip 2012/05/16 v1.0 Trim and clip general TeX material

(/usr/local/texlive/2015/texmf-dist/tex/latex/graphics/graphicx.sty
Package: graphicx 2014/10/28 v1.0g Enhanced LaTeX Graphics (DPC,SPQR)

(/usr/local/texlive/2015/texmf-dist/tex/latex/graphics/graphics.sty
Package: graphics 2014/10/28 v1.0p Standard LaTeX Graphics (DPC,SPQR)

(/usr/local/texlive/2015/texmf-dist/tex/latex/graphics/trig.sty
Package: trig 1999/03/16 v1.09 sin cos tan (DPC)
)
(/usr/local/texlive/2015/texmf-dist/tex/latex/latexconfig/graphics.cfg
File: graphics.cfg 2010/04/23 v1.9 graphics configuration of TeX Live
)
Package graphics Info: Driver file: pdftex.def on input line 94.

(/usr/local/texlive/2015/texmf-dist/tex/latex/pdftex-def/pdftex.def
File: pdftex.def 2011/05/27 v0.06d Graphics/color for pdfTeX
\Gread@gobject=\count89
))
\Gin@req@height=\dimen103
\Gin@req@width=\dimen104
)
(/usr/local/texlive/2015/texmf-dist/tex/latex/collectbox/collectbox.sty
Package: collectbox 2012/05/17 v0.4b Collect macro arguments as boxes
\collectedbox=\box26
)
\tc@llx=\dimen105
\tc@lly=\dimen106
\tc@urx=\dimen107
\tc@ury=\dimen108
Package trimclip Info: Using driver 'tc-pdftex.def'.

(/usr/local/texlive/2015/texmf-dist/tex/latex/adjustbox/tc-pdftex.def
File: tc-pdftex.def 2012/05/13 v1.0 Clipping driver for pdftex
))
\adjbox@Width=\dimen109
\adjbox@Height=\dimen110
\adjbox@Depth=\dimen111
\adjbox@Totalheight=\dimen112

(/usr/local/texlive/2015/texmf-dist/tex/latex/ifoddpage/ifoddpage.sty
Package: ifoddpage 2011/09/13 v1.0 Conditionals for odd/even page detection
\c@checkoddpage=\count90
)
(/usr/local/texlive/2015/texmf-dist/tex/latex/varwidth/varwidth.sty
Package: varwidth 2009/03/30 ver 0.92;  Variable-width minipages
\@vwid@box=\box27
\sift@deathcycles=\count91
\@vwid@loff=\dimen113
\@vwid@roff=\dimen114
))
\gincltex@box=\box28
)
(/usr/local/texlive/2015/texmf-dist/tex/latex/filemod/filemod-expmin.sty
Package: filemod-expmin 2011/09/19 v1.2 Get and compare file modification times
 (expandable; minimal)
))
(/usr/local/texlive/2015/texmf-dist/tex/latex/hyperref/hyperref.sty
Package: hyperref 2012/11/06 v6.83m Hypertext links for LaTeX

(/usr/local/texlive/2015/texmf-dist/tex/generic/oberdiek/hobsub-hyperref.sty
Package: hobsub-hyperref 2012/05/28 v1.13 Bundle oberdiek, subset hyperref (HO)


(/usr/local/texlive/2015/texmf-dist/tex/generic/oberdiek/hobsub-generic.sty
Package: hobsub-generic 2012/05/28 v1.13 Bundle oberdiek, subset generic (HO)
Package: hobsub 2012/05/28 v1.13 Construct package bundles (HO)
Package hobsub Info: Skipping package `infwarerr' (already loaded).
Package hobsub Info: Skipping package `ltxcmds' (already loaded).
Package hobsub Info: Skipping package `ifluatex' (already loaded).
Package: ifvtex 2010/03/01 v1.5 Detect VTeX and its facilities (HO)
Package ifvtex Info: VTeX not detected.
Package: intcalc 2007/09/27 v1.1 Expandable calculations with integers (HO)
Package hobsub Info: Skipping package `ifpdf' (already loaded).
Package hobsub Info: Skipping package `etexcmds' (already loaded).
Package hobsub Info: Skipping package `kvsetkeys' (already loaded).
Package: kvdefinekeys 2011/04/07 v1.3 Define keys (HO)
Package: pdftexcmds 2011/11/29 v0.20 Utility functions of pdfTeX for LuaTeX (HO
)
Package pdftexcmds Info: LuaTeX not detected.
Package pdftexcmds Info: \pdf@primitive is available.
Package pdftexcmds Info: \pdf@ifprimitive is available.
Package pdftexcmds Info: \pdfdraftmode found.
Package: pdfescape 2011/11/25 v1.13 Implements pdfTeX's escape features (HO)
Package: bigintcalc 2012/04/08 v1.3 Expandable calculations on big integers (HO
)
Package: bitset 2011/01/30 v1.1 Handle bit-vector datatype (HO)
Package: uniquecounter 2011/01/30 v1.2 Provide unlimited unique counter (HO)
)
Package hobsub Info: Skipping package `hobsub' (already loaded).
Package: letltxmacro 2010/09/02 v1.4 Let assignment for LaTeX macros (HO)
Package: hopatch 2012/05/28 v1.2 Wrapper for package hooks (HO)
Package: xcolor-patch 2011/01/30 xcolor patch
Package: atveryend 2011/06/30 v1.8 Hooks at the very end of document (HO)
Package atveryend Info: \enddocument detected (standard20110627).
Package: atbegshi 2011/10/05 v1.16 At begin shipout hook (HO)
Package: refcount 2011/10/16 v3.4 Data extraction from label references (HO)
Package: hycolor 2011/01/30 v1.7 Color options for hyperref/bookmark (HO)
)
(/usr/local/texlive/2015/texmf-dist/tex/latex/oberdiek/auxhook.sty
Package: auxhook 2011/03/04 v1.3 Hooks for auxiliary files (HO)
)
\@linkdim=\dimen115
\Hy@linkcounter=\count92
\Hy@pagecounter=\count93

(/usr/local/texlive/2015/texmf-dist/tex/latex/hyperref/pd1enc.def
File: pd1enc.def 2012/11/06 v6.83m Hyperref: PDFDocEncoding definition (HO)
)
\Hy@SavedSpaceFactor=\count94

(/usr/local/texlive/2015/texmf-dist/tex/latex/latexconfig/hyperref.cfg
File: hyperref.cfg 2002/06/06 v1.2 hyperref configuration of TeXLive
)
Package hyperref Info: Hyper figures OFF on input line 4443.
Package hyperref Info: Link nesting OFF on input line 4448.
Package hyperref Info: Hyper index ON on input line 4451.
Package hyperref Info: Plain pages OFF on input line 4458.
Package hyperref Info: Backreferencing OFF on input line 4463.
Package hyperref Info: Implicit mode ON; LaTeX internals redefined.
Package hyperref Info: Bookmarks ON on input line 4688.
\c@Hy@tempcnt=\count95

(/usr/local/texlive/2015/texmf-dist/tex/latex/url/url.sty
\Urlmuskip=\muskip10
Package: url 2013/09/16  ver 3.4  Verb mode for urls, etc.
)
LaTeX Info: Redefining \url on input line 5041.
\XeTeXLinkMargin=\dimen116
\Fld@menulength=\count96
\Field@Width=\dimen117
\Fld@charsize=\dimen118
Package hyperref Info: Hyper figures OFF on input line 6295.
Package hyperref Info: Link nesting OFF on input line 6300.
Package hyperref Info: Hyper index ON on input line 6303.
Package hyperref Info: backreferencing OFF on input line 6310.
Package hyperref Info: Link coloring OFF on input line 6315.
Package hyperref Info: Link coloring with OCG OFF on input line 6320.
Package hyperref Info: PDF/A mode OFF on input line 6325.
LaTeX Info: Redefining \ref on input line 6365.
LaTeX Info: Redefining \pageref on input line 6369.
\Hy@abspage=\count97
\c@Item=\count98
\c@Hfootnote=\count99
)

Package hyperref Message: Driver (autodetected): hpdftex.

(/usr/local/texlive/2015/texmf-dist/tex/latex/hyperref/hpdftex.def
File: hpdftex.def 2012/11/06 v6.83m Hyperref driver for pdfTeX
\Fld@listcount=\count100
\c@bookmark@seq@number=\count101

(/usr/local/texlive/2015/texmf-dist/tex/latex/oberdiek/rerunfilecheck.sty
Package: rerunfilecheck 2011/04/15 v1.7 Rerun checks for auxiliary files (HO)
Package uniquecounter Info: New unique counter `rerunfilecheck' on input line 2
82.
)
\Hy@SectionHShift=\skip43
)
(/usr/local/texlive/2015/texmf-dist/tex/latex/listings/listings.sty
\lst@mode=\count102
\lst@gtempboxa=\box29
\lst@token=\toks16
\lst@length=\count103
\lst@currlwidth=\dimen119
\lst@column=\count104
\lst@pos=\count105
\lst@lostspace=\dimen120
\lst@width=\dimen121
\lst@newlines=\count106
\lst@lineno=\count107
\lst@maxwidth=\dimen122

(/usr/local/texlive/2015/texmf-dist/tex/latex/listings/lstmisc.sty
File: lstmisc.sty 2014/09/06 1.5e (Carsten Heinz)
\c@lstnumber=\count108
\lst@skipnumbers=\count109
\lst@framebox=\box30
)
(/usr/local/texlive/2015/texmf-dist/tex/latex/listings/listings.cfg
File: listings.cfg 2014/09/06 1.5e listings configuration
))
Package: listings 2014/09/06 1.5e (Carsten Heinz)

(/usr/local/texlive/2015/texmf-dist/tex/latex/graphics/color.sty
Package: color 2014/10/28 v1.1a Standard LaTeX Color (DPC)

(/usr/local/texlive/2015/texmf-dist/tex/latex/latexconfig/color.cfg
File: color.cfg 2007/01/18 v1.5 color configuration of teTeX/TeXLive
)
Package color Info: Driver file: pdftex.def on input line 142.
)
(/usr/local/texlive/2015/texmf-dist/tex/latex/tools/verbatim.sty
Package: verbatim 2014/10/28 v1.5q LaTeX2e package for verbatim enhancements
\every@verbatim=\toks17
\verbatim@line=\toks18
\verbatim@in@stream=\read1
)
(/usr/local/texlive/2015/texmf-dist/tex/latex/amsmath/amsmath.sty
Package: amsmath 2013/01/14 v2.14 AMS math features
\@mathmargin=\skip44

For additional information on amsmath, use the `?' option.
(/usr/local/texlive/2015/texmf-dist/tex/latex/amsmath/amstext.sty
Package: amstext 2000/06/29 v2.01

(/usr/local/texlive/2015/texmf-dist/tex/latex/amsmath/amsgen.sty
File: amsgen.sty 1999/11/30 v2.0
\@emptytoks=\toks19
\ex@=\dimen123
))
(/usr/local/texlive/2015/texmf-dist/tex/latex/amsmath/amsbsy.sty
Package: amsbsy 1999/11/29 v1.2d
\pmbraise@=\dimen124
)
(/usr/local/texlive/2015/texmf-dist/tex/latex/amsmath/amsopn.sty
Package: amsopn 1999/12/14 v2.01 operator names
)
\inf@bad=\count110
LaTeX Info: Redefining \frac on input line 210.
\uproot@=\count111
\leftroot@=\count112
LaTeX Info: Redefining \overline on input line 306.
\classnum@=\count113
\DOTSCASE@=\count114
LaTeX Info: Redefining \ldots on input line 378.
LaTeX Info: Redefining \dots on input line 381.
LaTeX Info: Redefining \cdots on input line 466.
\Mathstrutbox@=\box31
\strutbox@=\box32
\big@size=\dimen125
LaTeX Font Info:    Redeclaring font encoding OML on input line 566.
LaTeX Font Info:    Redeclaring font encoding OMS on input line 567.
\macc@depth=\count115
\c@MaxMatrixCols=\count116
\dotsspace@=\muskip11
\c@parentequation=\count117
\dspbrk@lvl=\count118
\tag@help=\toks20
\row@=\count119
\column@=\count120
\maxfields@=\count121
\andhelp@=\toks21
\eqnshift@=\dimen126
\alignsep@=\dimen127
\tagshift@=\dimen128
\tagwidth@=\dimen129
\totwidth@=\dimen130
\lineht@=\dimen131
\@envbody=\toks22
\multlinegap=\skip45
\multlinetaggap=\skip46
\mathdisplay@stack=\toks23
LaTeX Info: Redefining \[ on input line 2665.
LaTeX Info: Redefining \] on input line 2666.
)
(/usr/local/texlive/2015/texmf-dist/tex/latex/caption/caption.sty
Package: caption 2013/05/02 v3.3-89 Customizing captions (AR)

(/usr/local/texlive/2015/texmf-dist/tex/latex/caption/caption3.sty
Package: caption3 2013/05/02 v1.6-88 caption3 kernel (AR)
Package caption3 Info: TeX engine: e-TeX on input line 57.
\captionmargin=\dimen132
\captionmargin@=\dimen133
\captionwidth=\dimen134
\caption@tempdima=\dimen135
\caption@indent=\dimen136
\caption@parindent=\dimen137
\caption@hangindent=\dimen138
)
\c@ContinuedFloat=\count122
Package caption Info: hyperref package is loaded.
Package caption Info: listings package is loaded.
)
(/usr/local/texlive/2015/texmf-dist/tex/latex/caption/subcaption.sty
Package: subcaption 2013/02/03 v1.1-62 Sub-captions (AR)
\c@subfigure=\count123
\c@subtable=\count124
)
(./BurasCompleteMasters.aux (./BurasAbstract.aux) (./BurasIntro.aux)
(./BurasBackground.aux) (./BurasMethodology.aux) (./BurasResults.aux)
(./BurasConclusions.aux))
\openout1 = `BurasCompleteMasters.aux'.

LaTeX Font Info:    Checking defaults for OML/cmm/m/it on input line 14.
LaTeX Font Info:    ... okay on input line 14.
LaTeX Font Info:    Checking defaults for T1/cmr/m/n on input line 14.
LaTeX Font Info:    ... okay on input line 14.
LaTeX Font Info:    Checking defaults for OT1/cmr/m/n on input line 14.
LaTeX Font Info:    ... okay on input line 14.
LaTeX Font Info:    Checking defaults for OMS/cmsy/m/n on input line 14.
LaTeX Font Info:    ... okay on input line 14.
LaTeX Font Info:    Checking defaults for OMX/cmex/m/n on input line 14.
LaTeX Font Info:    ... okay on input line 14.
LaTeX Font Info:    Checking defaults for U/cmr/m/n on input line 14.
LaTeX Font Info:    ... okay on input line 14.
LaTeX Font Info:    Checking defaults for PD1/pdf/m/n on input line 14.
LaTeX Font Info:    ... okay on input line 14.

(/usr/local/texlive/2015/texmf-dist/tex/context/base/supp-pdf.mkii
[Loading MPS to PDF converter (version 2006.09.02).]
\scratchcounter=\count125
\scratchdimen=\dimen139
\scratchbox=\box33
\nofMPsegments=\count126
\nofMParguments=\count127
\everyMPshowfont=\toks24
\MPscratchCnt=\count128
\MPscratchDim=\dimen140
\MPnumerator=\count129
\makeMPintoPDFobject=\count130
\everyMPtoPDFconversion=\toks25
) (/usr/local/texlive/2015/texmf-dist/tex/latex/oberdiek/epstopdf-base.sty
Package: epstopdf-base 2010/02/09 v2.5 Base part for package epstopdf

(/usr/local/texlive/2015/texmf-dist/tex/latex/oberdiek/grfext.sty
Package: grfext 2010/08/19 v1.1 Manage graphics extensions (HO)
)
Package grfext Info: Graphics extension search list:
(grfext)             [.png,.pdf,.jpg,.mps,.jpeg,.jbig2,.jb2,.PNG,.PDF,.JPG,.JPE
G,.JBIG2,.JB2,.eps]
(grfext)             \AppendGraphicsExtensions on input line 452.

(/usr/local/texlive/2015/texmf-dist/tex/latex/latexconfig/epstopdf-sys.cfg
File: epstopdf-sys.cfg 2010/07/13 v1.3 Configuration of (r)epstopdf for TeX Liv
e
))
\AtBeginShipoutBox=\box34
Package hyperref Info: Link coloring OFF on input line 14.

(/usr/local/texlive/2015/texmf-dist/tex/latex/hyperref/nameref.sty
Package: nameref 2012/10/27 v2.43 Cross-referencing by name of section

(/usr/local/texlive/2015/texmf-dist/tex/generic/oberdiek/gettitlestring.sty
Package: gettitlestring 2010/12/03 v1.4 Cleanup title references (HO)
)
\c@section@level=\count131
)
LaTeX Info: Redefining \ref on input line 14.
LaTeX Info: Redefining \pageref on input line 14.
LaTeX Info: Redefining \nameref on input line 14.

(./BurasCompleteMasters.out) (./BurasCompleteMasters.out)
\@outlinefile=\write3
\openout3 = `BurasCompleteMasters.out'.

\c@lstlisting=\count132
Package caption Info: Begin \AtBeginDocument code.
Package caption Info: End \AtBeginDocument code.


LaTeX Warning: No \author given.

[1

{/usr/local/texlive/2015/texmf-var/fonts/map/pdftex/updmap/pdftex.map}]
\openout2 = `BurasAbstract.aux'.


(./BurasAbstract.tex) [2

]
\openout2 = `BurasIntro.aux'.

 (./BurasIntro.tex
Underfull \hbox (badness 10000) in paragraph at lines 15--16

 []


Underfull \hbox (badness 10000) in paragraph at lines 19--24

 []


Underfull \hbox (badness 10000) in paragraph at lines 19--24

 []

) [3


]
\openout2 = `BurasBackground.aux'.

 (./BurasBackground.tex
Underfull \hbox (badness 10000) in paragraph at lines 16--17

 []


Underfull \hbox (badness 10000) in paragraph at lines 19--20

 []


Underfull \hbox (badness 10000) in paragraph at lines 22--23

 []

[4


] [5]) [6]
\openout2 = `BurasMethodology.aux'.

 (./BurasMethodology.tex
<entiregraph.png, id=179, 433.62pt x 289.08pt>
File: entiregraph.png Graphic file (type png)
 <use entiregraph.png>
Package pdftex.def Info: entiregraph.png used on input line 40.
(pdftex.def)             Requested size: 172.5pt x 114.99918pt.

<planargraph.png, id=181, 433.62pt x 289.08pt>
File: planargraph.png Graphic file (type png)
 <use planargraph.png>
Package pdftex.def Info: planargraph.png used on input line 46.
(pdftex.def)             Requested size: 172.5pt x 114.99918pt.
 [7


]
Underfull \hbox (badness 10000) in paragraph at lines 61--62

 []

[8 <./entiregraph.png> <./planargraph.png>] [9]
Overfull \hbox (9.05618pt too wide) in paragraph at lines 85--86
\OT1/cmr/m/n/10 The small-world net-works that Watts-Strogatz and Chung-Lu work
ed with roughly
 []


Underfull \hbox (badness 10000) in paragraph at lines 85--86

 []

<powerlawdeg.png, id=213, 433.62pt x 289.08pt>
File: powerlawdeg.png Graphic file (type png)
 <use powerlawdeg.png>
Package pdftex.def Info: powerlawdeg.png used on input line 94.
(pdftex.def)             Requested size: 345.0pt x 230.01158pt.
 [10]
Underfull \hbox (badness 10000) in paragraph at lines 103--104

 []

[11 <./powerlawdeg.png>]) [12]
\openout2 = `BurasResults.aux'.

 (./BurasResults.tex
Underfull \hbox (badness 10000) in paragraph at lines 19--20

 []

<neural_degree_histogram.png, id=228, 433.62pt x 289.08pt>
File: neural_degree_histogram.png Graphic file (type png)

<use neural_degree_histogram.png>
Package pdftex.def Info: neural_degree_histogram.png used on input line 25.
(pdftex.def)             Requested size: 345.0pt x 230.01158pt.
 <neuralspy.png, id=233, 433.62pt x 289.08pt>
File: neuralspy.png Graphic file (type png)

<use neuralspy.png>
Package pdftex.def Info: neuralspy.png used on input line 32.
(pdftex.def)             Requested size: 345.0pt x 230.01158pt.
 <meta_degree_histogram.png, id=234, 433.62pt x 289.08pt>
File: meta_degree_histogram.png Graphic file (type png)

<use meta_degree_histogram.png>
Package pdftex.def Info: meta_degree_histogram.png used on input line 39.
(pdftex.def)             Requested size: 345.0pt x 230.01158pt.
 <metaspy.png, id=237, 433.62pt x 289.08pt>
File: metaspy.png Graphic file (type png)

<use metaspy.png>
Package pdftex.def Info: metaspy.png used on input line 45.
(pdftex.def)             Requested size: 345.0pt x 230.01158pt.
 <gene_degree_histogram.png, id=238, 433.62pt x 289.08pt>
File: gene_degree_histogram.png Graphic file (type png)

<use gene_degree_histogram.png>
Package pdftex.def Info: gene_degree_histogram.png used on input line 52.
(pdftex.def)             Requested size: 345.0pt x 230.01158pt.
 <genespy.png, id=241, 433.62pt x 289.08pt>
File: genespy.png Graphic file (type png)

<use genespy.png>
Package pdftex.def Info: genespy.png used on input line 59.
(pdftex.def)             Requested size: 345.0pt x 230.01158pt.
 <fb_degree_histogram.png, id=242, 433.62pt x 289.08pt>
File: fb_degree_histogram.png Graphic file (type png)

<use fb_degree_histogram.png>
Package pdftex.def Info: fb_degree_histogram.png used on input line 66.
(pdftex.def)             Requested size: 345.0pt x 230.01158pt.
 <fbspy.png, id=245, 433.62pt x 289.08pt>
File: fbspy.png Graphic file (type png)

<use fbspy.png>
Package pdftex.def Info: fbspy.png used on input line 73.
(pdftex.def)             Requested size: 345.0pt x 230.01158pt.
 <power_degree_histogram.png, id=246, 433.62pt x 289.08pt>
File: power_degree_histogram.png Graphic file (type png)

<use power_degree_histogram.png>
Package pdftex.def Info: power_degree_histogram.png used on input line 80.
(pdftex.def)             Requested size: 345.0pt x 230.01158pt.
 <powerspy.png, id=249, 433.62pt x 289.08pt>
File: powerspy.png Graphic file (type png)

<use powerspy.png>
Package pdftex.def Info: powerspy.png used on input line 87.
(pdftex.def)             Requested size: 345.0pt x 230.01158pt.

Overfull \hbox (23.74728pt too wide) in paragraph at lines 94--104
 [] 
 []

[13


 <./neural_degree_histogram.png>] [14 <./neuralspy.png> <./meta_degree_histogra
m.png>] [15 <./metaspy.png> <./gene_degree_histogram.png>] [16 <./genespy.png> 
<./fb_degree_histogram.png>] [17 <./fbspy.png> <./power_degree_histogram.png>]
Underfull \hbox (badness 10000) in paragraph at lines 105--106

 []

[18 <./powerspy.png>]) [19]
\openout2 = `BurasConclusions.aux'.

 (./BurasConclusions.tex) [20


]
(./BurasCompleteMasters.bbl
Underfull \hbox (badness 3492) in paragraph at lines 4--9
\OT1/cmr/m/sc/10 K. Buschel-man, L. Dal-cin, V. Ei-jkhout, W. D. Gropp,
 []

[21

])
Package atveryend Info: Empty hook `BeforeClearDocument' on input line 28.
 [22]
Package atveryend Info: Empty hook `AfterLastShipout' on input line 28.
 (./BurasCompleteMasters.aux (./BurasAbstract.aux) (./BurasIntro.aux) (./BurasB
ackground.aux) (./BurasMethodology.aux) (./BurasResults.aux)
(./BurasConclusions.aux))
Package atveryend Info: Executing hook `AtVeryEndDocument' on input line 28.
Package atveryend Info: Executing hook `AtEndAfterFileList' on input line 28.


Package rerunfilecheck Warning: File `BurasCompleteMasters.out' has changed.
(rerunfilecheck)                Rerun to get outlines right
(rerunfilecheck)                or use package `bookmark'.

Package rerunfilecheck Info: Checksums for `BurasCompleteMasters.out':
(rerunfilecheck)             Before: 6F84C87FA19F32C119275A6AF2F1DE6D;1832
(rerunfilecheck)             After:  D2B7204B512DF07D22B9AE2DDA7698B7;1761.
Package atveryend Info: Empty hook `AtVeryVeryEnd' on input line 28.
 ) 
Here is how much of TeX's memory you used:
 9366 strings out of 493089
 145155 string characters out of 6134842
 243253 words of memory out of 5000000
 12578 multiletter control sequences out of 15000+600000
 9969 words of font info for 36 fonts, out of 8000000 for 9000
 1141 hyphenation exceptions out of 8191
 67i,9n,96p,1673b,595s stack positions out of 5000i,500n,10000p,200000b,80000s
pdfTeX warning (dest): name{subsection.3.3} has been referenced but does not 
exist, replaced by a fixed one

</usr/local/texlive/2015/texmf-dist/fonts/type1/public/amsfonts/cm/cmbx10.pfb><
/usr/local/texlive/2015/texmf-dist/fonts/type1/public/amsfonts/cm/cmbx12.pfb></
usr/local/texlive/2015/texmf-dist/fonts/type1/public/amsfonts/cm/cmcsc10.pfb></
usr/local/texlive/2015/texmf-dist/fonts/type1/public/amsfonts/cm/cmex10.pfb></u
sr/local/texlive/2015/texmf-dist/fonts/type1/public/amsfonts/cm/cmmi10.pfb></us
r/local/texlive/2015/texmf-dist/fonts/type1/public/amsfonts/cm/cmmi7.pfb></usr/
local/texlive/2015/texmf-dist/fonts/type1/public/amsfonts/cm/cmr10.pfb></usr/lo
cal/texlive/2015/texmf-dist/fonts/type1/public/amsfonts/cm/cmr12.pfb></usr/loca
l/texlive/2015/texmf-dist/fonts/type1/public/amsfonts/cm/cmr17.pfb></usr/local/
texlive/2015/texmf-dist/fonts/type1/public/amsfonts/cm/cmr7.pfb></usr/local/tex
live/2015/texmf-dist/fonts/type1/public/amsfonts/cm/cmr9.pfb></usr/local/texliv
e/2015/texmf-dist/fonts/type1/public/amsfonts/cm/cmsy10.pfb></usr/local/texlive
/2015/texmf-dist/fonts/type1/public/amsfonts/cm/cmsy7.pfb></usr/local/texlive/2
015/texmf-dist/fonts/type1/public/amsfonts/cm/cmti10.pfb>
Output written on BurasCompleteMasters.pdf (22 pages, 397263 bytes).
PDF statistics:
 386 PDF objects out of 1000 (max. 8388607)
 312 compressed objects within 4 object streams
 85 named destinations out of 1000 (max. 500000)
 266 words of extra memory for PDF output out of 10000 (max. 10000000)

