This is pdfTeX, Version 3.14159265-2.6-1.40.16 (TeX Live 2015) (preloaded format=pdflatex 2015.5.24)  20 APR 2016 13:24
entering extended mode
 restricted \write18 enabled.
 file:line:error style messages enabled.
 %&-line parsing enabled.
**copy.tex
(./copy.tex
LaTeX2e <2015/01/01>
Babel <3.9l> and hyphenation patterns for 79 languages loaded.
(./ruthesis.cls
Document Class: ruthesis 1995/11/21 Thesis Class, ECE, Rice University, jeo
(/usr/local/texlive/2015/texmf-dist/tex/latex/base/report.cls
Document Class: report 2014/09/29 v1.4h Standard LaTeX document class
(/usr/local/texlive/2015/texmf-dist/tex/latex/base/size12.clo
File: size12.clo 2014/09/29 v1.4h Standard LaTeX file (size option)
)
\c@part=\count79
\c@chapter=\count80
\c@section=\count81
\c@subsection=\count82
\c@subsubsection=\count83
\c@paragraph=\count84
\c@subparagraph=\count85
\c@figure=\count86
\c@table=\count87
\abovecaptionskip=\skip41
\belowcaptionskip=\skip42
\bibindent=\dimen102
)
(/usr/local/texlive/2015/texmf-dist/tex/latex/base/ifthen.sty
Package: ifthen 2014/09/29 v1.1c Standard LaTeX ifthen package (DPC)
)
(/usr/local/texlive/2015/texmf-dist/tex/latex/graphics/graphicx.sty
Package: graphicx 2014/10/28 v1.0g Enhanced LaTeX Graphics (DPC,SPQR)

(/usr/local/texlive/2015/texmf-dist/tex/latex/graphics/keyval.sty
Package: keyval 2014/10/28 v1.15 key=value parser (DPC)
\KV@toks@=\toks14
)
(/usr/local/texlive/2015/texmf-dist/tex/latex/graphics/graphics.sty
Package: graphics 2014/10/28 v1.0p Standard LaTeX Graphics (DPC,SPQR)

(/usr/local/texlive/2015/texmf-dist/tex/latex/graphics/trig.sty
Package: trig 1999/03/16 v1.09 sin cos tan (DPC)
)
(/usr/local/texlive/2015/texmf-dist/tex/latex/latexconfig/graphics.cfg
File: graphics.cfg 2010/04/23 v1.9 graphics configuration of TeX Live
)
Package graphics Info: Driver file: dvips.def on input line 94.

(/usr/local/texlive/2015/texmf-dist/tex/latex/graphics/dvips.def
File: dvips.def 2014/10/14 v3.0j Driver-dependent file (DPC,SPQR)
))
\Gin@req@height=\dimen103
\Gin@req@width=\dimen104
)
12pt mode selected but not implemented
) (/usr/local/texlive/2015/texmf-dist/tex/latex/standalone/standalone.sty
Package: standalone 2012/09/15 v1.1b Package to include TeX sub-files with prea
mbles

(/usr/local/texlive/2015/texmf-dist/tex/generic/oberdiek/ifluatex.sty
Package: ifluatex 2010/03/01 v1.3 Provides the ifluatex switch (HO)
Package ifluatex Info: LuaTeX not detected.
)
(/usr/local/texlive/2015/texmf-dist/tex/generic/oberdiek/ifpdf.sty
Package: ifpdf 2011/01/30 v2.3 Provides the ifpdf switch (HO)
Package ifpdf Info: pdfTeX in PDF mode is detected.
)
(/usr/local/texlive/2015/texmf-dist/tex/generic/ifxetex/ifxetex.sty
Package: ifxetex 2010/09/12 v0.6 Provides ifxetex conditional
)
(/usr/local/texlive/2015/texmf-dist/tex/latex/xkeyval/xkeyval.sty
Package: xkeyval 2014/12/03 v2.7a package option processing (HA)

(/usr/local/texlive/2015/texmf-dist/tex/generic/xkeyval/xkeyval.tex
(/usr/local/texlive/2015/texmf-dist/tex/generic/xkeyval/xkvutils.tex
\XKV@toks=\toks15
\XKV@tempa@toks=\toks16
)
\XKV@depth=\count88
File: xkeyval.tex 2014/12/03 v2.7a key=value parser (HA)
))
(/usr/local/texlive/2015/texmf-dist/tex/latex/currfile/currfile.sty
Package: currfile 2013/02/01 v0.7b Provides the file path elements of the curre
nt input file

(/usr/local/texlive/2015/texmf-dist/tex/latex/oberdiek/kvoptions.sty
Package: kvoptions 2011/06/30 v3.11 Key value format for package options (HO)

(/usr/local/texlive/2015/texmf-dist/tex/generic/oberdiek/ltxcmds.sty
Package: ltxcmds 2011/11/09 v1.22 LaTeX kernel commands for general use (HO)
)
(/usr/local/texlive/2015/texmf-dist/tex/generic/oberdiek/kvsetkeys.sty
Package: kvsetkeys 2012/04/25 v1.16 Key value parser (HO)

(/usr/local/texlive/2015/texmf-dist/tex/generic/oberdiek/infwarerr.sty
Package: infwarerr 2010/04/08 v1.3 Providing info/warning/error messages (HO)
)
(/usr/local/texlive/2015/texmf-dist/tex/generic/oberdiek/etexcmds.sty
Package: etexcmds 2011/02/16 v1.5 Avoid name clashes with e-TeX commands (HO)
Package etexcmds Info: Could not find \expanded.
(etexcmds)             That can mean that you are not using pdfTeX 1.50 or
(etexcmds)             that some package has redefined \expanded.
(etexcmds)             In the latter case, load this package earlier.
)))
(/usr/local/texlive/2015/texmf-dist/tex/latex/filehook/filehook.sty
Package: filehook 2011/10/12 v0.5d Hooks for input files
)
\c@currfiledepth=\count89
)
(/usr/local/texlive/2015/texmf-dist/tex/latex/gincltex/gincltex.sty
(/usr/local/texlive/2015/texmf-dist/tex/latex/svn-prov/svn-prov.sty
Package: svn-prov 2010/04/24 v3.1862 Package Date/Version from SVN Keywords
)
Package: gincltex 2011/09/04 v0.3 Include external LaTeX files like graphics

(/usr/local/texlive/2015/texmf-dist/tex/latex/adjustbox/adjustbox.sty
Package: adjustbox 2012/05/21 v1.0 Adjusting TeX boxes (trim, clip, ...)

(/usr/local/texlive/2015/texmf-dist/tex/latex/adjustbox/adjcalc.sty
Package: adjcalc 2012/05/16 v1.1 Provides advanced setlength with multiple back
-ends (calc, etex, pgfmath)
)
(/usr/local/texlive/2015/texmf-dist/tex/latex/adjustbox/trimclip.sty
Package: trimclip 2012/05/16 v1.0 Trim and clip general TeX material

(/usr/local/texlive/2015/texmf-dist/tex/latex/collectbox/collectbox.sty
Package: collectbox 2012/05/17 v0.4b Collect macro arguments as boxes
\collectedbox=\box26
)
\tc@llx=\dimen105
\tc@lly=\dimen106
\tc@urx=\dimen107
\tc@ury=\dimen108
Package trimclip Info: Using driver 'tc-dvips.def'.

(/usr/local/texlive/2015/texmf-dist/tex/latex/adjustbox/tc-dvips.def
File: tc-dvips.def 2012/05/13 v1.0 Clipping driver for dvips
))
\adjbox@Width=\dimen109
\adjbox@Height=\dimen110
\adjbox@Depth=\dimen111
\adjbox@Totalheight=\dimen112

(/usr/local/texlive/2015/texmf-dist/tex/latex/ifoddpage/ifoddpage.sty
Package: ifoddpage 2011/09/13 v1.0 Conditionals for odd/even page detection
\c@checkoddpage=\count90
)
(/usr/local/texlive/2015/texmf-dist/tex/latex/varwidth/varwidth.sty
Package: varwidth 2009/03/30 ver 0.92;  Variable-width minipages
\@vwid@box=\box27
\sift@deathcycles=\count91
\@vwid@loff=\dimen113
\@vwid@roff=\dimen114
))
\gincltex@box=\box28
)
(/usr/local/texlive/2015/texmf-dist/tex/latex/filemod/filemod-expmin.sty
Package: filemod-expmin 2011/09/19 v1.2 Get and compare file modification times
 (expandable; minimal)
))
(/usr/local/texlive/2015/texmf-dist/tex/latex/hyperref/hyperref.sty
Package: hyperref 2012/11/06 v6.83m Hypertext links for LaTeX

(/usr/local/texlive/2015/texmf-dist/tex/generic/oberdiek/hobsub-hyperref.sty
Package: hobsub-hyperref 2012/05/28 v1.13 Bundle oberdiek, subset hyperref (HO)


(/usr/local/texlive/2015/texmf-dist/tex/generic/oberdiek/hobsub-generic.sty
Package: hobsub-generic 2012/05/28 v1.13 Bundle oberdiek, subset generic (HO)
Package: hobsub 2012/05/28 v1.13 Construct package bundles (HO)
Package hobsub Info: Skipping package `infwarerr' (already loaded).
Package hobsub Info: Skipping package `ltxcmds' (already loaded).
Package hobsub Info: Skipping package `ifluatex' (already loaded).
Package: ifvtex 2010/03/01 v1.5 Detect VTeX and its facilities (HO)
Package ifvtex Info: VTeX not detected.
Package: intcalc 2007/09/27 v1.1 Expandable calculations with integers (HO)
Package hobsub Info: Skipping package `ifpdf' (already loaded).
Package hobsub Info: Skipping package `etexcmds' (already loaded).
Package hobsub Info: Skipping package `kvsetkeys' (already loaded).
Package: kvdefinekeys 2011/04/07 v1.3 Define keys (HO)
Package: pdftexcmds 2011/11/29 v0.20 Utility functions of pdfTeX for LuaTeX (HO
)
Package pdftexcmds Info: LuaTeX not detected.
Package pdftexcmds Info: \pdf@primitive is available.
Package pdftexcmds Info: \pdf@ifprimitive is available.
Package pdftexcmds Info: \pdfdraftmode found.
Package: pdfescape 2011/11/25 v1.13 Implements pdfTeX's escape features (HO)
Package: bigintcalc 2012/04/08 v1.3 Expandable calculations on big integers (HO
)
Package: bitset 2011/01/30 v1.1 Handle bit-vector datatype (HO)
Package: uniquecounter 2011/01/30 v1.2 Provide unlimited unique counter (HO)
)
Package hobsub Info: Skipping package `hobsub' (already loaded).
Package: letltxmacro 2010/09/02 v1.4 Let assignment for LaTeX macros (HO)
Package: hopatch 2012/05/28 v1.2 Wrapper for package hooks (HO)
Package: xcolor-patch 2011/01/30 xcolor patch
Package: atveryend 2011/06/30 v1.8 Hooks at the very end of document (HO)
Package atveryend Info: \enddocument detected (standard20110627).
Package: atbegshi 2011/10/05 v1.16 At begin shipout hook (HO)
Package: refcount 2011/10/16 v3.4 Data extraction from label references (HO)
Package: hycolor 2011/01/30 v1.7 Color options for hyperref/bookmark (HO)
)
(/usr/local/texlive/2015/texmf-dist/tex/latex/oberdiek/auxhook.sty
Package: auxhook 2011/03/04 v1.3 Hooks for auxiliary files (HO)
)
\@linkdim=\dimen115
\Hy@linkcounter=\count92
\Hy@pagecounter=\count93

(/usr/local/texlive/2015/texmf-dist/tex/latex/hyperref/pd1enc.def
File: pd1enc.def 2012/11/06 v6.83m Hyperref: PDFDocEncoding definition (HO)
)
\Hy@SavedSpaceFactor=\count94

(/usr/local/texlive/2015/texmf-dist/tex/latex/latexconfig/hyperref.cfg
File: hyperref.cfg 2002/06/06 v1.2 hyperref configuration of TeXLive
)
Package hyperref Info: Hyper figures OFF on input line 4443.
Package hyperref Info: Link nesting OFF on input line 4448.
Package hyperref Info: Hyper index ON on input line 4451.
Package hyperref Info: Plain pages OFF on input line 4458.
Package hyperref Info: Backreferencing OFF on input line 4463.
Package hyperref Info: Implicit mode ON; LaTeX internals redefined.
Package hyperref Info: Bookmarks ON on input line 4688.
\c@Hy@tempcnt=\count95

(/usr/local/texlive/2015/texmf-dist/tex/latex/url/url.sty
\Urlmuskip=\muskip10
Package: url 2013/09/16  ver 3.4  Verb mode for urls, etc.
)
LaTeX Info: Redefining \url on input line 5041.
\XeTeXLinkMargin=\dimen116
\Fld@menulength=\count96
\Field@Width=\dimen117
\Fld@charsize=\dimen118
Package hyperref Info: Hyper figures OFF on input line 6295.
Package hyperref Info: Link nesting OFF on input line 6300.
Package hyperref Info: Hyper index ON on input line 6303.
Package hyperref Info: backreferencing OFF on input line 6310.
Package hyperref Info: Link coloring OFF on input line 6315.
Package hyperref Info: Link coloring with OCG OFF on input line 6320.
Package hyperref Info: PDF/A mode OFF on input line 6325.
LaTeX Info: Redefining \ref on input line 6365.
LaTeX Info: Redefining \pageref on input line 6369.
\Hy@abspage=\count97
\c@Item=\count98
\c@Hfootnote=\count99
)

Package hyperref Message: Driver (autodetected): hpdftex.

(/usr/local/texlive/2015/texmf-dist/tex/latex/hyperref/hpdftex.def
File: hpdftex.def 2012/11/06 v6.83m Hyperref driver for pdfTeX
\Fld@listcount=\count100
\c@bookmark@seq@number=\count101

(/usr/local/texlive/2015/texmf-dist/tex/latex/oberdiek/rerunfilecheck.sty
Package: rerunfilecheck 2011/04/15 v1.7 Rerun checks for auxiliary files (HO)
Package uniquecounter Info: New unique counter `rerunfilecheck' on input line 2
82.
)
\Hy@SectionHShift=\skip43
)
(/usr/local/texlive/2015/texmf-dist/tex/latex/listings/listings.sty
\lst@mode=\count102
\lst@gtempboxa=\box29
\lst@token=\toks17
\lst@length=\count103
\lst@currlwidth=\dimen119
\lst@column=\count104
\lst@pos=\count105
\lst@lostspace=\dimen120
\lst@width=\dimen121
\lst@newlines=\count106
\lst@lineno=\count107
\lst@maxwidth=\dimen122

(/usr/local/texlive/2015/texmf-dist/tex/latex/listings/lstmisc.sty
File: lstmisc.sty 2014/09/06 1.5e (Carsten Heinz)
\c@lstnumber=\count108
\lst@skipnumbers=\count109
\lst@framebox=\box30
)
(/usr/local/texlive/2015/texmf-dist/tex/latex/listings/listings.cfg
File: listings.cfg 2014/09/06 1.5e listings configuration
))
Package: listings 2014/09/06 1.5e (Carsten Heinz)

(/usr/local/texlive/2015/texmf-dist/tex/latex/graphics/color.sty
Package: color 2014/10/28 v1.1a Standard LaTeX Color (DPC)

(/usr/local/texlive/2015/texmf-dist/tex/latex/latexconfig/color.cfg
File: color.cfg 2007/01/18 v1.5 color configuration of teTeX/TeXLive
)
Package color Info: Driver file: pdftex.def on input line 142.

(/usr/local/texlive/2015/texmf-dist/tex/latex/pdftex-def/pdftex.def
File: pdftex.def 2011/05/27 v0.06d Graphics/color for pdfTeX
\Gread@gobject=\count110
))
(/usr/local/texlive/2015/texmf-dist/tex/latex/tools/verbatim.sty
Package: verbatim 2014/10/28 v1.5q LaTeX2e package for verbatim enhancements
\every@verbatim=\toks18
\verbatim@line=\toks19
\verbatim@in@stream=\read1
)
(/usr/local/texlive/2015/texmf-dist/tex/latex/amsmath/amsmath.sty
Package: amsmath 2013/01/14 v2.14 AMS math features
\@mathmargin=\skip44

For additional information on amsmath, use the `?' option.
(/usr/local/texlive/2015/texmf-dist/tex/latex/amsmath/amstext.sty
Package: amstext 2000/06/29 v2.01

(/usr/local/texlive/2015/texmf-dist/tex/latex/amsmath/amsgen.sty
File: amsgen.sty 1999/11/30 v2.0
\@emptytoks=\toks20
\ex@=\dimen123
))
(/usr/local/texlive/2015/texmf-dist/tex/latex/amsmath/amsbsy.sty
Package: amsbsy 1999/11/29 v1.2d
\pmbraise@=\dimen124
)
(/usr/local/texlive/2015/texmf-dist/tex/latex/amsmath/amsopn.sty
Package: amsopn 1999/12/14 v2.01 operator names
)
\inf@bad=\count111
LaTeX Info: Redefining \frac on input line 210.
\uproot@=\count112
\leftroot@=\count113
LaTeX Info: Redefining \overline on input line 306.
\classnum@=\count114
\DOTSCASE@=\count115
LaTeX Info: Redefining \ldots on input line 378.
LaTeX Info: Redefining \dots on input line 381.
LaTeX Info: Redefining \cdots on input line 466.
\Mathstrutbox@=\box31
\strutbox@=\box32
\big@size=\dimen125
LaTeX Font Info:    Redeclaring font encoding OML on input line 566.
LaTeX Font Info:    Redeclaring font encoding OMS on input line 567.
\macc@depth=\count116
\c@MaxMatrixCols=\count117
\dotsspace@=\muskip11
\c@parentequation=\count118
\dspbrk@lvl=\count119
\tag@help=\toks21
\row@=\count120
\column@=\count121
\maxfields@=\count122
\andhelp@=\toks22
\eqnshift@=\dimen126
\alignsep@=\dimen127
\tagshift@=\dimen128
\tagwidth@=\dimen129
\totwidth@=\dimen130
\lineht@=\dimen131
\@envbody=\toks23
\multlinegap=\skip45
\multlinetaggap=\skip46
\mathdisplay@stack=\toks24
LaTeX Info: Redefining \[ on input line 2665.
LaTeX Info: Redefining \] on input line 2666.
)
(/usr/local/texlive/2015/texmf-dist/tex/latex/caption/caption.sty
Package: caption 2013/05/02 v3.3-89 Customizing captions (AR)

(/usr/local/texlive/2015/texmf-dist/tex/latex/caption/caption3.sty
Package: caption3 2013/05/02 v1.6-88 caption3 kernel (AR)
Package caption3 Info: TeX engine: e-TeX on input line 57.
\captionmargin=\dimen132
\captionmargin@=\dimen133
\captionwidth=\dimen134
\caption@tempdima=\dimen135
\caption@indent=\dimen136
\caption@parindent=\dimen137
\caption@hangindent=\dimen138
)
\c@ContinuedFloat=\count123
Package caption Info: hyperref package is loaded.
Package caption Info: listings package is loaded.
)
(/usr/local/texlive/2015/texmf-dist/tex/latex/caption/subcaption.sty
Package: subcaption 2013/02/03 v1.1-62 Sub-captions (AR)
\c@subfigure=\count124
\c@subtable=\count125
)
(/usr/local/texlive/2015/texmf-dist/tex/latex/setspace/setspace.sty
Package: setspace 2011/12/19 v6.7a set line spacing
)
(/usr/local/texlive/2015/texmf-dist/tex/latex/float/float.sty
Package: float 2001/11/08 v1.3d Float enhancements (AL)
\c@float@type=\count126
\float@exts=\toks25
\float@box=\box33
\@float@everytoks=\toks26
\@floatcapt=\box34
)
(/usr/local/texlive/2015/texmf-dist/tex/latex/tools/theorem.sty
Package: theorem 2014/10/28 v2.2c Theorem extension package (FMi)
\theorem@style=\toks27
\theorem@bodyfont=\toks28
\theorempreskipamount=\skip47
\theorempostskipamount=\skip48

(/usr/local/texlive/2015/texmf-dist/tex/latex/tools/thp.sty
File: thp.sty 2014/10/28 v2.2c Theorem extension package (FMi)
))
\c@proposition=\count127

(/usr/local/texlive/2015/texmf-dist/tex/latex/tools/thb.sty
File: thb.sty 2014/10/28 v2.2c Theorem extension package (FMi)
)
\c@Fact=\count128
\c@Lem=\count129
\c@Thm=\count130
\c@Prf=\count131
\c@Def=\count132
\@indexfile=\write3
\openout3 = `copy.idx'.


Writing index file copy.idx
No file copy.aux.
\openout1 = `copy.aux'.

LaTeX Font Info:    Checking defaults for OML/cmm/m/it on input line 47.
LaTeX Font Info:    ... okay on input line 47.
LaTeX Font Info:    Checking defaults for T1/cmr/m/n on input line 47.
LaTeX Font Info:    ... okay on input line 47.
LaTeX Font Info:    Checking defaults for OT1/cmr/m/n on input line 47.
LaTeX Font Info:    ... okay on input line 47.
LaTeX Font Info:    Checking defaults for OMS/cmsy/m/n on input line 47.
LaTeX Font Info:    ... okay on input line 47.
LaTeX Font Info:    Checking defaults for OMX/cmex/m/n on input line 47.
LaTeX Font Info:    ... okay on input line 47.
LaTeX Font Info:    Checking defaults for U/cmr/m/n on input line 47.
LaTeX Font Info:    ... okay on input line 47.
LaTeX Font Info:    Checking defaults for PD1/pdf/m/n on input line 47.
LaTeX Font Info:    ... okay on input line 47.
(/usr/local/texlive/2015/texmf-dist/tex/latex/oberdiek/epstopdf-base.sty
Package: epstopdf-base 2010/02/09 v2.5 Base part for package epstopdf

(/usr/local/texlive/2015/texmf-dist/tex/latex/oberdiek/grfext.sty
Package: grfext 2010/08/19 v1.1 Manage graphics extensions (HO)
)
Package epstopdf-base Info: Redefining graphics rule for `.eps' on input line 4
34.
Package grfext Info: Graphics extension search list:
(grfext)             [.png,.pdf,.jpg,.mps,.jpeg,.jbig2,.jb2,.PNG,.PDF,.JPG,.JPE
G,.JBIG2,.JB2,.eps]
(grfext)             \AppendGraphicsExtensions on input line 452.

(/usr/local/texlive/2015/texmf-dist/tex/latex/latexconfig/epstopdf-sys.cfg
File: epstopdf-sys.cfg 2010/07/13 v1.3 Configuration of (r)epstopdf for TeX Liv
e
))
\AtBeginShipoutBox=\box35
Package hyperref Info: Link coloring OFF on input line 47.

(/usr/local/texlive/2015/texmf-dist/tex/latex/hyperref/nameref.sty
Package: nameref 2012/10/27 v2.43 Cross-referencing by name of section

(/usr/local/texlive/2015/texmf-dist/tex/generic/oberdiek/gettitlestring.sty
Package: gettitlestring 2010/12/03 v1.4 Cleanup title references (HO)
)
\c@section@level=\count133
)
LaTeX Info: Redefining \ref on input line 47.
LaTeX Info: Redefining \pageref on input line 47.
LaTeX Info: Redefining \nameref on input line 47.
\@outlinefile=\write4
\openout4 = `copy.out'.

\c@lstlisting=\count134

(/usr/local/texlive/2015/texmf-dist/tex/context/base/supp-pdf.mkii
[Loading MPS to PDF converter (version 2006.09.02).]
\scratchcounter=\count135
\scratchdimen=\dimen139
\scratchbox=\box36
\nofMPsegments=\count136
\nofMParguments=\count137
\everyMPshowfont=\toks29
\MPscratchCnt=\count138
\MPscratchDim=\dimen140
\MPnumerator=\count139
\makeMPintoPDFobject=\count140
\everyMPtoPDFconversion=\toks30
)
Package caption Info: Begin \AtBeginDocument code.
Package caption Info: float package is loaded.
Package caption Info: End \AtBeginDocument code.
\openout2 = `BurasAbstract.aux'.

 (./BurasAbstract.tex

Package hyperref Warning: bookmark level for unknown frontmatter defaults to 0.


) [1




{/usr/local/texlive/2015/texmf-var/fonts/map/pdftex/updmap/pdftex.map}]
\openout2 = `BurasIntro.aux'.


(./BurasIntro.tex
Chapter 1.

LaTeX Warning: Citation `Page:1999' on page 2 undefined on input line 15.


Underfull \hbox (badness 10000) in paragraph at lines 15--16

 []


LaTeX Warning: Citation `Page:1999' on page 2 undefined on input line 19.


LaTeX Warning: Citation `Gleich:2015' on page 2 undefined on input line 21.


LaTeX Warning: Citation `Gleich:2015' on page 2 undefined on input line 21.


LaTeX Warning: Citation `Jiang:2009' on page 2 undefined on input line 21.


LaTeX Warning: Citation `Liu:2005' on page 2 undefined on input line 21.


LaTeX Warning: Citation `Kim:2013' on page 2 undefined on input line 21.


LaTeX Warning: Citation `Gleich:2015' on page 2 undefined on input line 21.


Underfull \hbox (badness 10000) in paragraph at lines 19--24

 []


Underfull \hbox (badness 10000) in paragraph at lines 19--24

 []

[2



]) [3]
\openout2 = `BurasBackground.aux'.

 (./BurasBackground.tex
Chapter 2.

Underfull \hbox (badness 10000) in paragraph at lines 17--18

 []


Underfull \hbox (badness 10000) in paragraph at lines 21--22

 []

<laplace.png, id=23, 513.92pt x 301.125pt>
File: laplace.png Graphic file (type png)
 <use laplace.png>
Package pdftex.def Info: laplace.png used on input line 28.
(pdftex.def)             Requested size: 433.62pt x 254.07817pt.

Underfull \hbox (badness 10000) in paragraph at lines 25--31

 []

[4



]

LaTeX Warning: Citation `Neumann:1877' on page 5 undefined on input line 34.


LaTeX Warning: Citation `Kantorovich:1982' on page 5 undefined on input line 34
.


Underfull \hbox (badness 10000) in paragraph at lines 33--35

 []


LaTeX Warning: Citation `Spielman:2010' on page 5 undefined on input line 38.


LaTeX Warning: Citation `Spielman:2010' on page 5 undefined on input line 41.


LaTeX Warning: Citation `Khaira:1992' on page 5 undefined on input line 41.


LaTeX Warning: Citation `Hestenes:1952' on page 5 undefined on input line 41.


LaTeX Warning: Citation `Saad:2003' on page 5 undefined on input line 41.

[5 <./laplace.png>]

LaTeX Warning: Citation `Spielman:2011' on page 6 undefined on input line 44.


LaTeX Warning: Citation `Vaidya:1991' on page 6 undefined on input line 44.


LaTeX Warning: Citation `Koutis:2007' on page 6 undefined on input line 44.


LaTeX Warning: Citation `Koutis:2010' on page 6 undefined on input line 44.

[6]

LaTeX Warning: Citation `Livne:2012' on page 7 undefined on input line 47.


LaTeX Warning: Citation `Koutis:2011' on page 7 undefined on input line 47.


LaTeX Warning: Citation `Urschel:2014' on page 7 undefined on input line 47.


LaTeX Warning: Citation `Livne:2012' on page 7 undefined on input line 47.


LaTeX Warning: Citation `Koutis:2011' on page 7 undefined on input line 51.

[7]

LaTeX Warning: Citation `Livne:2012' on page 8 undefined on input line 55.


LaTeX Warning: Citation `Urschel:2014' on page 8 undefined on input line 60.


LaTeX Warning: Citation `Chung:2004' on page 8 undefined on input line 63.

[8]) [9]
\openout2 = `BurasMethodology.aux'.

 (./BurasMethodology.tex
Chapter 3.

LaTeX Warning: Citation `Watts:1998' on page 10 undefined on input line 20.


LaTeX Warning: Citation `Chung:2004' on page 10 undefined on input line 21.


LaTeX Warning: Citation `Chung:2004' on page 10 undefined on input line 21.

[10



] <entiregraph.png, id=72, 433.62pt x 289.08pt>
File: entiregraph.png Graphic file (type png)
 <use entiregraph.png>
Package pdftex.def Info: entiregraph.png used on input line 44.
(pdftex.def)             Requested size: 216.81pt x 144.53964pt.

<planargraph.png, id=73, 433.62pt x 289.08pt>
File: planargraph.png Graphic file (type png)
 <use planargraph.png>
Package pdftex.def Info: planargraph.png used on input line 50.
(pdftex.def)             Requested size: 216.81pt x 144.53964pt.


LaTeX Warning: Citation `Hagberg:2008' on page 11 undefined on input line 59.


LaTeX Warning: Citation `Chung:2004' on page 11 undefined on input line 59.


LaTeX Warning: Citation `Dijkstra:1959' on page 11 undefined on input line 59.

[11 <./entiregraph.png> <./planargraph.png>]

LaTeX Warning: Citation `Woodbury:1950' on page 12 undefined on input line 65.


Underfull \hbox (badness 10000) in paragraph at lines 65--66

 []

[12]

LaTeX Warning: Citation `Miller:1995' on page 13 undefined on input line 88.


LaTeX Warning: Citation `Brandt:1984' on page 13 undefined on input line 88.


LaTeX Warning: Citation `petsc-user-ref' on page 13 undefined on input line 88.



LaTeX Warning: Citation `Dalcin:2011' on page 13 undefined on input line 88.

[13]

LaTeX Warning: Citation `Chung:2004' on page 14 undefined on input line 95.


LaTeX Warning: Citation `Watts:1998' on page 14 undefined on input line 95.


Underfull \hbox (badness 10000) in paragraph at lines 95--96

 []

[14]

LaTeX Warning: Citation `Watts:1998' on page 15 undefined on input line 103.

<powerlawdeg.png, id=101, 433.62pt x 289.08pt>
File: powerlawdeg.png Graphic file (type png)
 <use powerlawdeg.png>
Package pdftex.def Info: powerlawdeg.png used on input line 106.
(pdftex.def)             Requested size: 433.62pt x 289.09251pt.

Underfull \hbox (badness 10000) in paragraph at lines 103--109

 []

[15] [16 <./powerlawdeg.png>]
Underfull \hbox (badness 10000) in paragraph at lines 114--115

 []

[17]) [18]
\openout2 = `BurasResults.aux'.

 (./BurasResults.tex
Chapter 4.

LaTeX Warning: Citation `Watts:1998' on page 19 undefined on input line 22.


LaTeX Warning: Citation `Chung:2004' on page 19 undefined on input line 22.


LaTeX Warning: Citation `White:1986' on page 19 undefined on input line 24.


LaTeX Warning: Citation `Watts:1998' on page 19 undefined on input line 24.


LaTeX Warning: Citation `Gleich:2015' on page 19 undefined on input line 24.


Underfull \hbox (badness 10000) in paragraph at lines 24--25

 []

[19



]

LaTeX Warning: Citation `Duch:2005' on page 20 undefined on input line 26.


Underfull \hbox (badness 10000) in paragraph at lines 26--27

 []


LaTeX Warning: Citation `Simonis:2009' on page 20 undefined on input line 28.


LaTeX Warning: Citation `Gleich:2015' on page 20 undefined on input line 28.


Underfull \hbox (badness 10000) in paragraph at lines 28--29

 []


LaTeX Warning: Citation `Rual:2005' on page 20 undefined on input line 30.


LaTeX Warning: Citation `Rolland:2014' on page 20 undefined on input line 30.


LaTeX Warning: Citation `Toga:2012' on page 20 undefined on input line 30.


LaTeX Warning: Citation `Mcauley:2012' on page 20 undefined on input line 33.


LaTeX Warning: Citation `Gleich:2015' on page 20 undefined on input line 33.

[20]

LaTeX Warning: Citation `Watts:1998' on page 21 undefined on input line 37.


LaTeX Warning: Citation `Pagani:2013' on page 21 undefined on input line 37.

[21] <neuralsequenceplot2.png, id=142, 433.62pt x 289.08pt>
File: neuralsequenceplot2.png Graphic file (type png)

<use neuralsequenceplot2.png>
Package pdftex.def Info: neuralsequenceplot2.png used on input line 63.
(pdftex.def)             Requested size: 433.62pt x 289.09251pt.
 [22]
<neuralsequenceplot.png, id=149, 433.62pt x 289.08pt>
File: neuralsequenceplot.png Graphic file (type png)

<use neuralsequenceplot.png>
Package pdftex.def Info: neuralsequenceplot.png used on input line 69.
(pdftex.def)             Requested size: 433.62pt x 289.09251pt.
 [23 <./neuralsequenceplot2.png>] [24 <./neuralsequenceplot.png>] <ptimes.png, 
id=163, 433.62pt x 289.08pt>
File: ptimes.png Graphic file (type png)
 <use ptimes.png>
Package pdftex.def Info: ptimes.png used on input line 94.
(pdftex.def)             Requested size: 433.62pt x 289.09251pt.

[25 <./ptimes.png>]
Underfull \hbox (badness 10000) in paragraph at lines 101--102

 []

<operationtimes.png, id=172, 433.62pt x 289.08pt>
File: operationtimes.png Graphic file (type png)
 <use operationtimes.png>
Package pdftex.def Info: operationtimes.png used on input line 126.
(pdftex.def)             Requested size: 433.62pt x 289.09251pt.

[26] <stimes.png, id=178, 433.62pt x 289.08pt>
File: stimes.png Graphic file (type png)
 <use stimes.png>
Package pdftex.def Info: stimes.png used on input line 132.
(pdftex.def)             Requested size: 433.62pt x 289.09251pt.
 [27 <./operationtimes.png>]

LaTeX Warning: Citation `Berry:2006' on page 28 undefined on input line 138.


LaTeX Warning: Citation `Halko:2011' on page 28 undefined on input line 138.

[28 <./stimes.png>] <total.png, id=192, 433.62pt x 289.08pt>
File: total.png Graphic file (type png)
 <use total.png>
Package pdftex.def Info: total.png used on input line 144.
(pdftex.def)             Requested size: 433.62pt x 289.09251pt.
)
[29 <./total.png>]
\openout2 = `BurasAppendix.aux'.

 (./BurasAppendix.tex
<neural_degree_histogram.png, id=200, 433.62pt x 289.08pt>
File: neural_degree_histogram.png Graphic file (type png)

<use neural_degree_histogram.png>
Package pdftex.def Info: neural_degree_histogram.png used on input line 25.
(pdftex.def)             Requested size: 346.89731pt x 231.27754pt.
 <neuralspy.png, id=201, 433.62pt x 289.08pt>
File: neuralspy.png Graphic file (type png)

<use neuralspy.png>
Package pdftex.def Info: neuralspy.png used on input line 32.
(pdftex.def)             Requested size: 433.62pt x 289.09251pt.
 <neuralsing.png, id=202, 433.62pt x 289.08pt>
File: neuralsing.png Graphic file (type png)

<use neuralsing.png>
Package pdftex.def Info: neuralsing.png used on input line 37.
(pdftex.def)             Requested size: 390.25534pt x 260.18282pt.
 [30


 <./neural_degree_histogram.png>]
<meta_degree_histogram.png, id=211, 433.62pt x 289.08pt>
File: meta_degree_histogram.png Graphic file (type png)

<use meta_degree_histogram.png>
Package pdftex.def Info: meta_degree_histogram.png used on input line 45.
(pdftex.def)             Requested size: 346.89731pt x 231.27754pt.
 <metaspy.png, id=212, 433.62pt x 289.08pt>
File: metaspy.png Graphic file (type png)

<use metaspy.png>
Package pdftex.def Info: metaspy.png used on input line 51.
(pdftex.def)             Requested size: 433.62pt x 289.09251pt.
 [31 <./neuralspy.png> <./neuralsing.png>]
<metasing.png, id=222, 433.62pt x 289.08pt>
File: metasing.png Graphic file (type png)
 <use metasing.png>
Package pdftex.def Info: metasing.png used on input line 56.
(pdftex.def)             Requested size: 390.25534pt x 260.18282pt.
 [32 <./meta_degree_histogram.png>] <gene_degree_histogram.png, id=230, 433.62p
t x 289.08pt>
File: gene_degree_histogram.png Graphic file (type png)

<use gene_degree_histogram.png>
Package pdftex.def Info: gene_degree_histogram.png used on input line 64.
(pdftex.def)             Requested size: 346.89731pt x 231.27754pt.
 [33 <./metaspy.png> <./metasing.png>]
<genespy.png, id=239, 433.62pt x 289.08pt>
File: genespy.png Graphic file (type png)
 <use genespy.png>
Package pdftex.def Info: genespy.png used on input line 71.
(pdftex.def)             Requested size: 433.62pt x 289.09251pt.

<proteinsing.png, id=240, 433.62pt x 289.08pt>
File: proteinsing.png Graphic file (type png)
 <use proteinsing.png>
Package pdftex.def Info: proteinsing.png used on input line 76.
(pdftex.def)             Requested size: 390.25534pt x 260.18282pt.
 [34 <./gene_degree_histogram.png>]
<fb_degree_histogram.png, id=248, 433.62pt x 289.08pt>
File: fb_degree_histogram.png Graphic file (type png)

<use fb_degree_histogram.png>
Package pdftex.def Info: fb_degree_histogram.png used on input line 84.
(pdftex.def)             Requested size: 346.89731pt x 231.27754pt.
 [35 <./genespy.png> <./proteinsing.png>]
<fbspy.png, id=257, 433.62pt x 289.08pt>
File: fbspy.png Graphic file (type png)
 <use fbspy.png>
Package pdftex.def Info: fbspy.png used on input line 91.
(pdftex.def)             Requested size: 433.62pt x 289.09251pt.

<fbsing.png, id=258, 433.62pt x 289.08pt>
File: fbsing.png Graphic file (type png)
 <use fbsing.png>
Package pdftex.def Info: fbsing.png used on input line 96.
(pdftex.def)             Requested size: 390.25534pt x 260.18282pt.
 [36 <./fb_degree_histogram.png>] <power_degree_histogram.png, id=266, 433.62pt
 x 289.08pt>
File: power_degree_histogram.png Graphic file (type png)

<use power_degree_histogram.png>
Package pdftex.def Info: power_degree_histogram.png used on input line 105.
(pdftex.def)             Requested size: 346.89731pt x 231.27754pt.
 [37 <./fbspy.png> <./fbsing.png>]
<powerspy.png, id=276, 433.62pt x 289.08pt>
File: powerspy.png Graphic file (type png)
 <use powerspy.png>
Package pdftex.def Info: powerspy.png used on input line 112.
(pdftex.def)             Requested size: 433.62pt x 289.09251pt.
 [38 <./power_degree_histogram.png>] <powersing.png, id=284, 433.62pt x 289.08p
t>
File: powersing.png Graphic file (type png)

<use powersing.png>
Package pdftex.def Info: powersing.png used on input line 118.
(pdftex.def)             Requested size: 390.25534pt x 260.18282pt.
) [39 <./powerspy.png> <./powersing.png>]
\openout2 = `BurasConclusions.aux'.


(./BurasConclusions.tex
Chapter 5.

LaTeX Warning: Citation `Woodbury:1950' on page 40 undefined on input line 16.


LaTeX Warning: Citation `Hagberg:2008' on page 40 undefined on input line 19.

[40



]

LaTeX Warning: Citation `petsc-user-ref' on page 41 undefined on input line 24.



LaTeX Warning: Citation `numpy' on page 41 undefined on input line 24.

)
Underfull \hbox (badness 10000) in paragraph at lines 27--58

 []

[41] [42]
No file copy.bbl.
Package atveryend Info: Empty hook `BeforeClearDocument' on input line 66.
Package atveryend Info: Empty hook `AfterLastShipout' on input line 66.
(./copy.aux (./BurasAbstract.aux) (./BurasIntro.aux) (./BurasBackground.aux)
(./BurasMethodology.aux) (./BurasResults.aux) (./BurasAppendix.aux)
(./BurasConclusions.aux))
Package atveryend Info: Executing hook `AtVeryEndDocument' on input line 66.
Package atveryend Info: Executing hook `AtEndAfterFileList' on input line 66.


Package rerunfilecheck Warning: File `copy.out' has changed.
(rerunfilecheck)                Rerun to get outlines right
(rerunfilecheck)                or use package `bookmark'.

Package rerunfilecheck Info: Checksums for `copy.out':
(rerunfilecheck)             Before: <no file>
(rerunfilecheck)             After:  C0E05D55F6C7140183067CA7E98F322A;3135.

LaTeX Warning: There were undefined references.


LaTeX Warning: Label(s) may have changed. Rerun to get cross-references right.

Package atveryend Info: Empty hook `AtVeryVeryEnd' on input line 66.
 ) 
Here is how much of TeX's memory you used:
 9698 strings out of 493089
 149340 string characters out of 6134842
 243044 words of memory out of 5000000
 12863 multiletter control sequences out of 15000+600000
 10285 words of font info for 36 fonts, out of 8000000 for 9000
 1141 hyphenation exceptions out of 8191
 57i,9n,96p,1660b,673s stack positions out of 5000i,500n,10000p,200000b,80000s
</usr/local/texlive/2015/texmf-dist/fonts/type1/public/amsfonts/cm/cmbx12.pfb
></usr/local/texlive/2015/texmf-dist/fonts/type1/public/amsfonts/cm/cmbxti10.pf
b></usr/local/texlive/2015/texmf-dist/fonts/type1/public/amsfonts/cm/cmex10.pfb
></usr/local/texlive/2015/texmf-dist/fonts/type1/public/amsfonts/cm/cmmi12.pfb>
</usr/local/texlive/2015/texmf-dist/fonts/type1/public/amsfonts/cm/cmmi8.pfb></
usr/local/texlive/2015/texmf-dist/fonts/type1/public/amsfonts/cm/cmr10.pfb></us
r/local/texlive/2015/texmf-dist/fonts/type1/public/amsfonts/cm/cmr12.pfb></usr/
local/texlive/2015/texmf-dist/fonts/type1/public/amsfonts/cm/cmr6.pfb></usr/loc
al/texlive/2015/texmf-dist/fonts/type1/public/amsfonts/cm/cmr8.pfb></usr/local/
texlive/2015/texmf-dist/fonts/type1/public/amsfonts/cm/cmsy10.pfb></usr/local/t
exlive/2015/texmf-dist/fonts/type1/public/amsfonts/cm/cmsy8.pfb></usr/local/tex
live/2015/texmf-dist/fonts/type1/public/amsfonts/cm/cmti12.pfb>
Output written on copy.pdf (42 pages, 497092 bytes).
PDF statistics:
 377 PDF objects out of 1000 (max. 8388607)
 268 compressed objects within 3 object streams
 110 named destinations out of 1000 (max. 500000)
 126 words of extra memory for PDF output out of 10000 (max. 10000000)

